
Attaching package: ‘dplyr’

The following objects are masked from ‘package:stats’:

    filter, lag

The following objects are masked from ‘package:base’:

    intersect, setdiff, setequal, union

── Attaching packages ─────────────────────────────────────── tidyverse 1.3.0 ──
✔ ggplot2 3.3.2     ✔ purrr   0.3.4
✔ tibble  3.0.3     ✔ stringr 1.4.0
✔ tidyr   1.1.0     ✔ forcats 0.5.0
✔ readr   1.3.1     
── Conflicts ────────────────────────────────────────── tidyverse_conflicts() ──
✖ dplyr::filter() masks stats::filter()
✖ dplyr::lag()    masks stats::lag()

Attaching package: ‘lubridate’

The following objects are masked from ‘package:base’:

    date, intersect, setdiff, union


Attaching package: ‘reshape2’

The following object is masked from ‘package:tidyr’:

    smiths

/var/spool/slurmd/job22628865/slurm_script: line 17: 200464 Killed                  Rscript ./clean_shelter.R
slurmstepd: error: Detected 1 oom-kill event(s) in StepId=22628865.batch cgroup. Some of your processes may have been killed by the cgroup out-of-memory handler.
