-------------------------------------------------------------------------------
There are messages associated with the following module(s):
-------------------------------------------------------------------------------

awscli/2:
    This module is a contribution from the Poldrack Lab. For questions
    and support, please see https://github.com/poldracklab/lmod_modules

-------------------------------------------------------------------------------

-------------------------------------------------------------------------------
There are messages associated with the following module(s):
-------------------------------------------------------------------------------

awscli/2:
    This module is a contribution from the Poldrack Lab. For questions
    and support, please see https://github.com/poldracklab/lmod_modules

-------------------------------------------------------------------------------

-------------------------------------------------------------------------------
There are messages associated with the following module(s):
-------------------------------------------------------------------------------

awscli/2:
    This module is a contribution from the Poldrack Lab. For questions
    and support, please see https://github.com/poldracklab/lmod_modules

-------------------------------------------------------------------------------

