
Attaching package: ‘dplyr’

The following objects are masked from ‘package:stats’:

    filter, lag

The following objects are masked from ‘package:base’:

    intersect, setdiff, setequal, union

Linking to GEOS 3.6.2, GDAL 2.2.1, PROJ 4.9.3
Loading required package: sp

Attaching package: ‘raster’

The following object is masked from ‘package:dplyr’:

    select

Loading required package: Matrix

Attaching package: ‘lubridate’

The following objects are masked from ‘package:raster’:

    intersect, union

The following objects are masked from ‘package:base’:

    date, intersect, setdiff, union

Warning message:
In .getCRSfromGridMap4(atts) : cannot process these parts of the CRS:
long_name=WGS 84
GeoTransform=-124.7666666333333 0.041666666666666 0  49.400000000000000 -0.041666666666666
spatial_ref=GEOGCS["WGS 84",DATUM["WGS_1984",SPHEROID["WGS 84",6378137,298.257223563,AUTHORITY["EPSG","7030"]],AUTHORITY["EPSG","6326"]],PRIMEM["Greenwich",0,AUTHORITY["EPSG","8901"]],UNIT["degree",0.0174532925199433,AUTHORITY["EPSG","9122"]],AUTHORITY["EPSG","4326"]]
There were 50 or more warnings (use warnings() to see the first 50)
Error in gzfile(file, mode) : cannot open the connection
Calls: saveRDS -> gzfile
In addition: Warning message:
In gzfile(file, mode) :
  cannot open compressed file './heatwaves_manual/temps/bg/76_temperature_data.rds', probable reason 'No such file or directory'
Execution halted
There were 50 or more warnings (use warnings() to see the first 50)
Error in gzfile(file, mode) : cannot open the connection
Calls: saveRDS -> gzfile
In addition: Warning message:
In gzfile(file, mode) :
  cannot open compressed file './heatwaves_manual/temps/bg/75_temperature_data.rds', probable reason 'No such file or directory'
Execution halted
There were 50 or more warnings (use warnings() to see the first 50)
Error in gzfile(file, mode) : cannot open the connection
Calls: saveRDS -> gzfile
In addition: Warning message:
In gzfile(file, mode) :
  cannot open compressed file './heatwaves_manual/temps/bg/78_temperature_data.rds', probable reason 'No such file or directory'
Execution halted
There were 50 or more warnings (use warnings() to see the first 50)
Error in gzfile(file, mode) : cannot open the connection
Calls: saveRDS -> gzfile
In addition: Warning message:
In gzfile(file, mode) :
  cannot open compressed file './heatwaves_manual/temps/bg/77_temperature_data.rds', probable reason 'No such file or directory'
Execution halted
There were 50 or more warnings (use warnings() to see the first 50)
Error in gzfile(file, mode) : cannot open the connection
Calls: saveRDS -> gzfile
In addition: Warning message:
In gzfile(file, mode) :
  cannot open compressed file './heatwaves_manual/temps/bg/79_temperature_data.rds', probable reason 'No such file or directory'
Execution halted
There were 50 or more warnings (use warnings() to see the first 50)
Error in gzfile(file, mode) : cannot open the connection
Calls: saveRDS -> gzfile
In addition: Warning message:
In gzfile(file, mode) :
  cannot open compressed file './heatwaves_manual/temps/bg/80_temperature_data.rds', probable reason 'No such file or directory'
Execution halted
There were 50 or more warnings (use warnings() to see the first 50)
Error in gzfile(file, mode) : cannot open the connection
Calls: saveRDS -> gzfile
In addition: Warning message:
In gzfile(file, mode) :
  cannot open compressed file './heatwaves_manual/temps/bg/86_temperature_data.rds', probable reason 'No such file or directory'
Execution halted
There were 50 or more warnings (use warnings() to see the first 50)
Error in gzfile(file, mode) : cannot open the connection
Calls: saveRDS -> gzfile
In addition: Warning message:
In gzfile(file, mode) :
  cannot open compressed file './heatwaves_manual/temps/bg/81_temperature_data.rds', probable reason 'No such file or directory'
Execution halted
There were 50 or more warnings (use warnings() to see the first 50)
Error in gzfile(file, mode) : cannot open the connection
Calls: saveRDS -> gzfile
In addition: Warning message:
In gzfile(file, mode) :
  cannot open compressed file './heatwaves_manual/temps/bg/83_temperature_data.rds', probable reason 'No such file or directory'
Execution halted
There were 50 or more warnings (use warnings() to see the first 50)
Error in gzfile(file, mode) : cannot open the connection
Calls: saveRDS -> gzfile
In addition: Warning message:
In gzfile(file, mode) :
  cannot open compressed file './heatwaves_manual/temps/bg/82_temperature_data.rds', probable reason 'No such file or directory'
Execution halted
There were 50 or more warnings (use warnings() to see the first 50)
Error in gzfile(file, mode) : cannot open the connection
Calls: saveRDS -> gzfile
In addition: Warning message:
In gzfile(file, mode) :
  cannot open compressed file './heatwaves_manual/temps/bg/85_temperature_data.rds', probable reason 'No such file or directory'
Execution halted
There were 50 or more warnings (use warnings() to see the first 50)
Error in gzfile(file, mode) : cannot open the connection
Calls: saveRDS -> gzfile
In addition: Warning message:
In gzfile(file, mode) :
  cannot open compressed file './heatwaves_manual/temps/bg/84_temperature_data.rds', probable reason 'No such file or directory'
Execution halted
