-------------------------------------------------------------------------------
The following dependent module(s) are not currently loaded: gcc/9.1.0 (required by: openblas/0.3.9), sqlite/3 (required by: proj/8.2.1, gdal/3.4.1)
-------------------------------------------------------------------------------

The following have been reloaded with a version change:
  1) gcc/9.1.0 => gcc/6.3.0

-------------------------------------------------------------------------------
The following dependent module(s) are not currently loaded: gcc/9.1.0 (required by: openblas/0.3.9)
-------------------------------------------------------------------------------

The following have been reloaded with a version change:
  1) gcc/6.3.0 => gcc/9.1.0


Attaching package: ‘dplyr’

The following objects are masked from ‘package:stats’:

    filter, lag

The following objects are masked from ‘package:base’:

    intersect, setdiff, setequal, union

── Attaching packages ─────────────────────────────────────── tidyverse 1.3.1 ──
✔ ggplot2 3.3.5     ✔ purrr   0.3.4
✔ tibble  3.1.6     ✔ stringr 1.4.0
✔ tidyr   1.2.0     ✔ forcats 0.5.1
✔ readr   2.1.2     
── Conflicts ────────────────────────────────────────── tidyverse_conflicts() ──
✖ dplyr::filter() masks stats::filter()
✖ dplyr::lag()    masks stats::lag()

Attaching package: ‘lubridate’

The following objects are masked from ‘package:base’:

    date, intersect, setdiff, union


Attaching package: ‘reshape2’

The following object is masked from ‘package:tidyr’:

    smiths

Rows: 240286 Columns: 7
── Column specification ────────────────────────────────────────────────────────
Delimiter: ","
chr (3): region, iso_country_code, census_block_group
dbl (4): year, month, number_devices_residing, number_devices_primary_daytime

ℹ Use `spec()` to retrieve the full column specification for this data.
ℹ Specify the column types or set `show_col_types = FALSE` to quiet this message.
Rows: 220375 Columns: 7
── Column specification ────────────────────────────────────────────────────────
Delimiter: ","
chr (3): region, iso_country_code, census_block_group
dbl (4): year, month, number_devices_residing, number_devices_primary_daytime

ℹ Use `spec()` to retrieve the full column specification for this data.
ℹ Specify the column types or set `show_col_types = FALSE` to quiet this message.
Rows: 220365 Columns: 7
── Column specification ────────────────────────────────────────────────────────
Delimiter: ","
chr (3): region, iso_country_code, census_block_group
dbl (4): year, month, number_devices_residing, number_devices_primary_daytime

ℹ Use `spec()` to retrieve the full column specification for this data.
ℹ Specify the column types or set `show_col_types = FALSE` to quiet this message.
Rows: 220365 Columns: 7
── Column specification ────────────────────────────────────────────────────────
Delimiter: ","
chr (3): region, iso_country_code, census_block_group
dbl (4): year, month, number_devices_residing, number_devices_primary_daytime

ℹ Use `spec()` to retrieve the full column specification for this data.
ℹ Specify the column types or set `show_col_types = FALSE` to quiet this message.
Rows: 220385 Columns: 7
── Column specification ────────────────────────────────────────────────────────
Delimiter: ","
chr (3): region, iso_country_code, census_block_group
dbl (4): year, month, number_devices_residing, number_devices_primary_daytime

ℹ Use `spec()` to retrieve the full column specification for this data.
ℹ Specify the column types or set `show_col_types = FALSE` to quiet this message.
Rows: 220383 Columns: 7
── Column specification ────────────────────────────────────────────────────────
Delimiter: ","
chr (3): region, iso_country_code, census_block_group
dbl (4): year, month, number_devices_residing, number_devices_primary_daytime

ℹ Use `spec()` to retrieve the full column specification for this data.
ℹ Specify the column types or set `show_col_types = FALSE` to quiet this message.
Rows: 220346 Columns: 7
── Column specification ────────────────────────────────────────────────────────
Delimiter: ","
chr (3): region, iso_country_code, census_block_group
dbl (4): year, month, number_devices_residing, number_devices_primary_daytime

ℹ Use `spec()` to retrieve the full column specification for this data.
ℹ Specify the column types or set `show_col_types = FALSE` to quiet this message.
Rows: 220347 Columns: 7
── Column specification ────────────────────────────────────────────────────────
Delimiter: ","
chr (3): region, iso_country_code, census_block_group
dbl (4): year, month, number_devices_residing, number_devices_primary_daytime

ℹ Use `spec()` to retrieve the full column specification for this data.
ℹ Specify the column types or set `show_col_types = FALSE` to quiet this message.
Rows: 220323 Columns: 7
── Column specification ────────────────────────────────────────────────────────
Delimiter: ","
chr (3): region, iso_country_code, census_block_group
dbl (4): year, month, number_devices_residing, number_devices_primary_daytime

ℹ Use `spec()` to retrieve the full column specification for this data.
ℹ Specify the column types or set `show_col_types = FALSE` to quiet this message.
Rows: 220323 Columns: 7
── Column specification ────────────────────────────────────────────────────────
Delimiter: ","
chr (3): region, iso_country_code, census_block_group
dbl (4): year, month, number_devices_residing, number_devices_primary_daytime

ℹ Use `spec()` to retrieve the full column specification for this data.
ℹ Specify the column types or set `show_col_types = FALSE` to quiet this message.
Rows: 220383 Columns: 7
── Column specification ────────────────────────────────────────────────────────
Delimiter: ","
chr (3): region, iso_country_code, census_block_group
dbl (4): year, month, number_devices_residing, number_devices_primary_daytime

ℹ Use `spec()` to retrieve the full column specification for this data.
ℹ Specify the column types or set `show_col_types = FALSE` to quiet this message.
Rows: 220382 Columns: 7
── Column specification ────────────────────────────────────────────────────────
Delimiter: ","
chr (3): region, iso_country_code, census_block_group
dbl (4): year, month, number_devices_residing, number_devices_primary_daytime

ℹ Use `spec()` to retrieve the full column specification for this data.
ℹ Specify the column types or set `show_col_types = FALSE` to quiet this message.
Rows: 241856 Columns: 7
── Column specification ────────────────────────────────────────────────────────
Delimiter: ","
chr (3): region, iso_country_code, census_block_group
dbl (4): year, month, number_devices_residing, number_devices_primary_daytime

ℹ Use `spec()` to retrieve the full column specification for this data.
ℹ Specify the column types or set `show_col_types = FALSE` to quiet this message.
Rows: 220331 Columns: 7
── Column specification ────────────────────────────────────────────────────────
Delimiter: ","
chr (3): region, iso_country_code, census_block_group
dbl (4): year, month, number_devices_residing, number_devices_primary_daytime

ℹ Use `spec()` to retrieve the full column specification for this data.
ℹ Specify the column types or set `show_col_types = FALSE` to quiet this message.
Rows: 220352 Columns: 7
── Column specification ────────────────────────────────────────────────────────
Delimiter: ","
chr (3): region, iso_country_code, census_block_group
dbl (4): year, month, number_devices_residing, number_devices_primary_daytime

ℹ Use `spec()` to retrieve the full column specification for this data.
ℹ Specify the column types or set `show_col_types = FALSE` to quiet this message.
Rows: 220351 Columns: 7
── Column specification ────────────────────────────────────────────────────────
Delimiter: ","
chr (3): region, iso_country_code, census_block_group
dbl (4): year, month, number_devices_residing, number_devices_primary_daytime

ℹ Use `spec()` to retrieve the full column specification for this data.
ℹ Specify the column types or set `show_col_types = FALSE` to quiet this message.
Rows: 220379 Columns: 7
── Column specification ────────────────────────────────────────────────────────
Delimiter: ","
chr (3): region, iso_country_code, census_block_group
dbl (4): year, month, number_devices_residing, number_devices_primary_daytime

ℹ Use `spec()` to retrieve the full column specification for this data.
ℹ Specify the column types or set `show_col_types = FALSE` to quiet this message.
Rows: 220380 Columns: 7
── Column specification ────────────────────────────────────────────────────────
Delimiter: ","
chr (3): region, iso_country_code, census_block_group
dbl (4): year, month, number_devices_residing, number_devices_primary_daytime

ℹ Use `spec()` to retrieve the full column specification for this data.
ℹ Specify the column types or set `show_col_types = FALSE` to quiet this message.
Rows: 220366 Columns: 7
── Column specification ────────────────────────────────────────────────────────
Delimiter: ","
chr (3): region, iso_country_code, census_block_group
dbl (4): year, month, number_devices_residing, number_devices_primary_daytime

ℹ Use `spec()` to retrieve the full column specification for this data.
ℹ Specify the column types or set `show_col_types = FALSE` to quiet this message.
Rows: 220363 Columns: 7
── Column specification ────────────────────────────────────────────────────────
Delimiter: ","
chr (3): region, iso_country_code, census_block_group
dbl (4): year, month, number_devices_residing, number_devices_primary_daytime

ℹ Use `spec()` to retrieve the full column specification for this data.
ℹ Specify the column types or set `show_col_types = FALSE` to quiet this message.
Rows: 220367 Columns: 7
── Column specification ────────────────────────────────────────────────────────
Delimiter: ","
chr (3): region, iso_country_code, census_block_group
dbl (4): year, month, number_devices_residing, number_devices_primary_daytime

ℹ Use `spec()` to retrieve the full column specification for this data.
ℹ Specify the column types or set `show_col_types = FALSE` to quiet this message.
Rows: 220368 Columns: 7
── Column specification ────────────────────────────────────────────────────────
Delimiter: ","
chr (3): region, iso_country_code, census_block_group
dbl (4): year, month, number_devices_residing, number_devices_primary_daytime

ℹ Use `spec()` to retrieve the full column specification for this data.
ℹ Specify the column types or set `show_col_types = FALSE` to quiet this message.
Rows: 220362 Columns: 7
── Column specification ────────────────────────────────────────────────────────
Delimiter: ","
chr (3): region, iso_country_code, census_block_group
dbl (4): year, month, number_devices_residing, number_devices_primary_daytime

ℹ Use `spec()` to retrieve the full column specification for this data.
ℹ Specify the column types or set `show_col_types = FALSE` to quiet this message.
Rows: 220363 Columns: 7
── Column specification ────────────────────────────────────────────────────────
Delimiter: ","
chr (3): region, iso_country_code, census_block_group
dbl (4): year, month, number_devices_residing, number_devices_primary_daytime

ℹ Use `spec()` to retrieve the full column specification for this data.
ℹ Specify the column types or set `show_col_types = FALSE` to quiet this message.
Rows: 274542 Columns: 7
── Column specification ────────────────────────────────────────────────────────
Delimiter: ","
chr (3): region, iso_country_code, census_block_group
dbl (4): year, month, number_devices_residing, number_devices_primary_daytime

ℹ Use `spec()` to retrieve the full column specification for this data.
ℹ Specify the column types or set `show_col_types = FALSE` to quiet this message.
Rows: 220329 Columns: 7
── Column specification ────────────────────────────────────────────────────────
Delimiter: ","
chr (3): region, iso_country_code, census_block_group
dbl (4): year, month, number_devices_residing, number_devices_primary_daytime

ℹ Use `spec()` to retrieve the full column specification for this data.
ℹ Specify the column types or set `show_col_types = FALSE` to quiet this message.
Rows: 274242 Columns: 7
── Column specification ────────────────────────────────────────────────────────
Delimiter: ","
chr (3): region, iso_country_code, census_block_group
dbl (4): year, month, number_devices_residing, number_devices_primary_daytime

ℹ Use `spec()` to retrieve the full column specification for this data.
ℹ Specify the column types or set `show_col_types = FALSE` to quiet this message.
Rows: 220304 Columns: 7
── Column specification ────────────────────────────────────────────────────────
Delimiter: ","
chr (3): region, iso_country_code, census_block_group
dbl (4): year, month, number_devices_residing, number_devices_primary_daytime

ℹ Use `spec()` to retrieve the full column specification for this data.
ℹ Specify the column types or set `show_col_types = FALSE` to quiet this message.
Rows: 273813 Columns: 7
── Column specification ────────────────────────────────────────────────────────
Delimiter: ","
chr (3): region, iso_country_code, census_block_group
dbl (4): year, month, number_devices_residing, number_devices_primary_daytime

ℹ Use `spec()` to retrieve the full column specification for this data.
ℹ Specify the column types or set `show_col_types = FALSE` to quiet this message.
Rows: 220286 Columns: 7
── Column specification ────────────────────────────────────────────────────────
Delimiter: ","
chr (3): region, iso_country_code, census_block_group
dbl (4): year, month, number_devices_residing, number_devices_primary_daytime

ℹ Use `spec()` to retrieve the full column specification for this data.
ℹ Specify the column types or set `show_col_types = FALSE` to quiet this message.
Rows: 274154 Columns: 7
── Column specification ────────────────────────────────────────────────────────
Delimiter: ","
chr (3): region, iso_country_code, census_block_group
dbl (4): year, month, number_devices_residing, number_devices_primary_daytime

ℹ Use `spec()` to retrieve the full column specification for this data.
ℹ Specify the column types or set `show_col_types = FALSE` to quiet this message.
Rows: 220313 Columns: 7
── Column specification ────────────────────────────────────────────────────────
Delimiter: ","
chr (3): region, iso_country_code, census_block_group
dbl (4): year, month, number_devices_residing, number_devices_primary_daytime

ℹ Use `spec()` to retrieve the full column specification for this data.
ℹ Specify the column types or set `show_col_types = FALSE` to quiet this message.
Rows: 220323 Columns: 7
── Column specification ────────────────────────────────────────────────────────
Delimiter: ","
chr (3): region, iso_country_code, census_block_group
dbl (4): year, month, number_devices_residing, number_devices_primary_daytime

ℹ Use `spec()` to retrieve the full column specification for this data.
ℹ Specify the column types or set `show_col_types = FALSE` to quiet this message.
Rows: 274408 Columns: 7
── Column specification ────────────────────────────────────────────────────────
Delimiter: ","
chr (3): region, iso_country_code, census_block_group
dbl (4): year, month, number_devices_residing, number_devices_primary_daytime

ℹ Use `spec()` to retrieve the full column specification for this data.
ℹ Specify the column types or set `show_col_types = FALSE` to quiet this message.
Rows: 220329 Columns: 7
── Column specification ────────────────────────────────────────────────────────
Delimiter: ","
chr (3): region, iso_country_code, census_block_group
dbl (4): year, month, number_devices_residing, number_devices_primary_daytime

ℹ Use `spec()` to retrieve the full column specification for this data.
ℹ Specify the column types or set `show_col_types = FALSE` to quiet this message.
Rows: 274458 Columns: 7
── Column specification ────────────────────────────────────────────────────────
Delimiter: ","
chr (3): region, iso_country_code, census_block_group
dbl (4): year, month, number_devices_residing, number_devices_primary_daytime

ℹ Use `spec()` to retrieve the full column specification for this data.
ℹ Specify the column types or set `show_col_types = FALSE` to quiet this message.
Rows: 274304 Columns: 7
── Column specification ────────────────────────────────────────────────────────
Delimiter: ","
chr (3): region, iso_country_code, census_block_group
dbl (4): year, month, number_devices_residing, number_devices_primary_daytime

ℹ Use `spec()` to retrieve the full column specification for this data.
ℹ Specify the column types or set `show_col_types = FALSE` to quiet this message.
Rows: 220340 Columns: 7
── Column specification ────────────────────────────────────────────────────────
Delimiter: ","
chr (3): region, iso_country_code, census_block_group
dbl (4): year, month, number_devices_residing, number_devices_primary_daytime

ℹ Use `spec()` to retrieve the full column specification for this data.
ℹ Specify the column types or set `show_col_types = FALSE` to quiet this message.
Rows: 274226 Columns: 7
── Column specification ────────────────────────────────────────────────────────
Delimiter: ","
chr (3): region, iso_country_code, census_block_group
dbl (4): year, month, number_devices_residing, number_devices_primary_daytime

ℹ Use `spec()` to retrieve the full column specification for this data.
ℹ Specify the column types or set `show_col_types = FALSE` to quiet this message.
Rows: 220341 Columns: 7
── Column specification ────────────────────────────────────────────────────────
Delimiter: ","
chr (3): region, iso_country_code, census_block_group
dbl (4): year, month, number_devices_residing, number_devices_primary_daytime

ℹ Use `spec()` to retrieve the full column specification for this data.
ℹ Specify the column types or set `show_col_types = FALSE` to quiet this message.
Rows: 220338 Columns: 7
── Column specification ────────────────────────────────────────────────────────
Delimiter: ","
chr (3): region, iso_country_code, census_block_group
dbl (4): year, month, number_devices_residing, number_devices_primary_daytime

ℹ Use `spec()` to retrieve the full column specification for this data.
ℹ Specify the column types or set `show_col_types = FALSE` to quiet this message.
Rows: 274312 Columns: 7
── Column specification ────────────────────────────────────────────────────────
Delimiter: ","
chr (3): region, iso_country_code, census_block_group
dbl (4): year, month, number_devices_residing, number_devices_primary_daytime

ℹ Use `spec()` to retrieve the full column specification for this data.
ℹ Specify the column types or set `show_col_types = FALSE` to quiet this message.
Rows: 220341 Columns: 7
── Column specification ────────────────────────────────────────────────────────
Delimiter: ","
chr (3): region, iso_country_code, census_block_group
dbl (4): year, month, number_devices_residing, number_devices_primary_daytime

ℹ Use `spec()` to retrieve the full column specification for this data.
ℹ Specify the column types or set `show_col_types = FALSE` to quiet this message.
Rows: 274399 Columns: 7
── Column specification ────────────────────────────────────────────────────────
Delimiter: ","
chr (3): region, iso_country_code, census_block_group
dbl (4): year, month, number_devices_residing, number_devices_primary_daytime

ℹ Use `spec()` to retrieve the full column specification for this data.
ℹ Specify the column types or set `show_col_types = FALSE` to quiet this message.
Rows: 274590 Columns: 7
── Column specification ────────────────────────────────────────────────────────
Delimiter: ","
chr (3): region, iso_country_code, census_block_group
dbl (4): year, month, number_devices_residing, number_devices_primary_daytime

ℹ Use `spec()` to retrieve the full column specification for this data.
ℹ Specify the column types or set `show_col_types = FALSE` to quiet this message.
Rows: 220343 Columns: 7
── Column specification ────────────────────────────────────────────────────────
Delimiter: ","
chr (3): region, iso_country_code, census_block_group
dbl (4): year, month, number_devices_residing, number_devices_primary_daytime

ℹ Use `spec()` to retrieve the full column specification for this data.
ℹ Specify the column types or set `show_col_types = FALSE` to quiet this message.
Rows: 274743 Columns: 7
── Column specification ────────────────────────────────────────────────────────
Delimiter: ","
chr (3): region, iso_country_code, census_block_group
dbl (4): year, month, number_devices_residing, number_devices_primary_daytime

ℹ Use `spec()` to retrieve the full column specification for this data.
ℹ Specify the column types or set `show_col_types = FALSE` to quiet this message.
Rows: 220353 Columns: 7
── Column specification ────────────────────────────────────────────────────────
Delimiter: ","
chr (3): region, iso_country_code, census_block_group
dbl (4): year, month, number_devices_residing, number_devices_primary_daytime

ℹ Use `spec()` to retrieve the full column specification for this data.
ℹ Specify the column types or set `show_col_types = FALSE` to quiet this message.
Rows: 275096 Columns: 7
── Column specification ────────────────────────────────────────────────────────
Delimiter: ","
chr (3): region, iso_country_code, census_block_group
dbl (4): year, month, number_devices_residing, number_devices_primary_daytime

ℹ Use `spec()` to retrieve the full column specification for this data.
ℹ Specify the column types or set `show_col_types = FALSE` to quiet this message.
Rows: 220341 Columns: 7
── Column specification ────────────────────────────────────────────────────────
Delimiter: ","
chr (3): region, iso_country_code, census_block_group
dbl (4): year, month, number_devices_residing, number_devices_primary_daytime

ℹ Use `spec()` to retrieve the full column specification for this data.
ℹ Specify the column types or set `show_col_types = FALSE` to quiet this message.
Rows: 274480 Columns: 7
── Column specification ────────────────────────────────────────────────────────
Delimiter: ","
chr (3): region, iso_country_code, census_block_group
dbl (4): year, month, number_devices_residing, number_devices_primary_daytime

ℹ Use `spec()` to retrieve the full column specification for this data.
ℹ Specify the column types or set `show_col_types = FALSE` to quiet this message.
Rows: 220362 Columns: 7
── Column specification ────────────────────────────────────────────────────────
Delimiter: ","
chr (3): region, iso_country_code, census_block_group
dbl (4): year, month, number_devices_residing, number_devices_primary_daytime

ℹ Use `spec()` to retrieve the full column specification for this data.
ℹ Specify the column types or set `show_col_types = FALSE` to quiet this message.
Rows: 274436 Columns: 7
── Column specification ────────────────────────────────────────────────────────
Delimiter: ","
chr (3): region, iso_country_code, census_block_group
dbl (4): year, month, number_devices_residing, number_devices_primary_daytime

ℹ Use `spec()` to retrieve the full column specification for this data.
ℹ Specify the column types or set `show_col_types = FALSE` to quiet this message.
Rows: 220368 Columns: 7
── Column specification ────────────────────────────────────────────────────────
Delimiter: ","
chr (3): region, iso_country_code, census_block_group
dbl (4): year, month, number_devices_residing, number_devices_primary_daytime

ℹ Use `spec()` to retrieve the full column specification for this data.
ℹ Specify the column types or set `show_col_types = FALSE` to quiet this message.
Rows: 220370 Columns: 7
── Column specification ────────────────────────────────────────────────────────
Delimiter: ","
chr (3): region, iso_country_code, census_block_group
dbl (4): year, month, number_devices_residing, number_devices_primary_daytime

ℹ Use `spec()` to retrieve the full column specification for this data.
ℹ Specify the column types or set `show_col_types = FALSE` to quiet this message.
Rows: 273982 Columns: 7
── Column specification ────────────────────────────────────────────────────────
Delimiter: ","
chr (3): region, iso_country_code, census_block_group
dbl (4): year, month, number_devices_residing, number_devices_primary_daytime

ℹ Use `spec()` to retrieve the full column specification for this data.
ℹ Specify the column types or set `show_col_types = FALSE` to quiet this message.
Rows: 275038 Columns: 7
── Column specification ────────────────────────────────────────────────────────
Delimiter: ","
chr (3): region, iso_country_code, census_block_group
dbl (4): year, month, number_devices_residing, number_devices_primary_daytime

ℹ Use `spec()` to retrieve the full column specification for this data.
ℹ Specify the column types or set `show_col_types = FALSE` to quiet this message.
Rows: 220353 Columns: 7
── Column specification ────────────────────────────────────────────────────────
Delimiter: ","
chr (3): region, iso_country_code, census_block_group
dbl (4): year, month, number_devices_residing, number_devices_primary_daytime

ℹ Use `spec()` to retrieve the full column specification for this data.
ℹ Specify the column types or set `show_col_types = FALSE` to quiet this message.
Rows: 220351 Columns: 7
── Column specification ────────────────────────────────────────────────────────
Delimiter: ","
chr (3): region, iso_country_code, census_block_group
dbl (4): year, month, number_devices_residing, number_devices_primary_daytime

ℹ Use `spec()` to retrieve the full column specification for this data.
ℹ Specify the column types or set `show_col_types = FALSE` to quiet this message.
Rows: 275155 Columns: 7
── Column specification ────────────────────────────────────────────────────────
Delimiter: ","
chr (3): region, iso_country_code, census_block_group
dbl (4): year, month, number_devices_residing, number_devices_primary_daytime

ℹ Use `spec()` to retrieve the full column specification for this data.
ℹ Specify the column types or set `show_col_types = FALSE` to quiet this message.
Rows: 220313 Columns: 7
── Column specification ────────────────────────────────────────────────────────
Delimiter: ","
chr (3): region, iso_country_code, census_block_group
dbl (4): year, month, number_devices_residing, number_devices_primary_daytime

ℹ Use `spec()` to retrieve the full column specification for this data.
ℹ Specify the column types or set `show_col_types = FALSE` to quiet this message.
Rows: 274423 Columns: 7
── Column specification ────────────────────────────────────────────────────────
Delimiter: ","
chr (3): region, iso_country_code, census_block_group
dbl (4): year, month, number_devices_residing, number_devices_primary_daytime

ℹ Use `spec()` to retrieve the full column specification for this data.
ℹ Specify the column types or set `show_col_types = FALSE` to quiet this message.
Rows: 274688 Columns: 7
── Column specification ────────────────────────────────────────────────────────
Delimiter: ","
chr (3): region, iso_country_code, census_block_group
dbl (4): year, month, number_devices_residing, number_devices_primary_daytime

ℹ Use `spec()` to retrieve the full column specification for this data.
ℹ Specify the column types or set `show_col_types = FALSE` to quiet this message.
Rows: 220334 Columns: 7
── Column specification ────────────────────────────────────────────────────────
Delimiter: ","
chr (3): region, iso_country_code, census_block_group
dbl (4): year, month, number_devices_residing, number_devices_primary_daytime

ℹ Use `spec()` to retrieve the full column specification for this data.
ℹ Specify the column types or set `show_col_types = FALSE` to quiet this message.
Rows: 220276 Columns: 7
── Column specification ────────────────────────────────────────────────────────
Delimiter: ","
chr (3): region, iso_country_code, census_block_group
dbl (4): year, month, number_devices_residing, number_devices_primary_daytime

ℹ Use `spec()` to retrieve the full column specification for this data.
ℹ Specify the column types or set `show_col_types = FALSE` to quiet this message.
Rows: 274695 Columns: 7
── Column specification ────────────────────────────────────────────────────────
Delimiter: ","
chr (3): region, iso_country_code, census_block_group
dbl (4): year, month, number_devices_residing, number_devices_primary_daytime

ℹ Use `spec()` to retrieve the full column specification for this data.
ℹ Specify the column types or set `show_col_types = FALSE` to quiet this message.
Rows: 274625 Columns: 7
── Column specification ────────────────────────────────────────────────────────
Delimiter: ","
chr (3): region, iso_country_code, census_block_group
dbl (4): year, month, number_devices_residing, number_devices_primary_daytime

ℹ Use `spec()` to retrieve the full column specification for this data.
ℹ Specify the column types or set `show_col_types = FALSE` to quiet this message.
Rows: 220265 Columns: 7
── Column specification ────────────────────────────────────────────────────────
Delimiter: ","
chr (3): region, iso_country_code, census_block_group
dbl (4): year, month, number_devices_residing, number_devices_primary_daytime

ℹ Use `spec()` to retrieve the full column specification for this data.
ℹ Specify the column types or set `show_col_types = FALSE` to quiet this message.
Rows: 274702 Columns: 7
── Column specification ────────────────────────────────────────────────────────
Delimiter: ","
chr (3): region, iso_country_code, census_block_group
dbl (4): year, month, number_devices_residing, number_devices_primary_daytime

ℹ Use `spec()` to retrieve the full column specification for this data.
ℹ Specify the column types or set `show_col_types = FALSE` to quiet this message.
Rows: 220287 Columns: 7
── Column specification ────────────────────────────────────────────────────────
Delimiter: ","
chr (3): region, iso_country_code, census_block_group
dbl (4): year, month, number_devices_residing, number_devices_primary_daytime

ℹ Use `spec()` to retrieve the full column specification for this data.
ℹ Specify the column types or set `show_col_types = FALSE` to quiet this message.
Rows: 274625 Columns: 7
── Column specification ────────────────────────────────────────────────────────
Delimiter: ","
chr (3): region, iso_country_code, census_block_group
dbl (4): year, month, number_devices_residing, number_devices_primary_daytime

ℹ Use `spec()` to retrieve the full column specification for this data.
ℹ Specify the column types or set `show_col_types = FALSE` to quiet this message.
Rows: 220314 Columns: 7
── Column specification ────────────────────────────────────────────────────────
Delimiter: ","
chr (3): region, iso_country_code, census_block_group
dbl (4): year, month, number_devices_residing, number_devices_primary_daytime

ℹ Use `spec()` to retrieve the full column specification for this data.
ℹ Specify the column types or set `show_col_types = FALSE` to quiet this message.
Rows: 272453 Columns: 7
── Column specification ────────────────────────────────────────────────────────
Delimiter: ","
chr (3): region, iso_country_code, census_block_group
dbl (4): year, month, number_devices_residing, number_devices_primary_daytime

ℹ Use `spec()` to retrieve the full column specification for this data.
ℹ Specify the column types or set `show_col_types = FALSE` to quiet this message.
Rows: 220367 Columns: 7
── Column specification ────────────────────────────────────────────────────────
Delimiter: ","
chr (3): region, iso_country_code, census_block_group
dbl (4): year, month, number_devices_residing, number_devices_primary_daytime

ℹ Use `spec()` to retrieve the full column specification for this data.
ℹ Specify the column types or set `show_col_types = FALSE` to quiet this message.
Rows: 274097 Columns: 7
── Column specification ────────────────────────────────────────────────────────
Delimiter: ","
chr (3): region, iso_country_code, census_block_group
dbl (4): year, month, number_devices_residing, number_devices_primary_daytime

ℹ Use `spec()` to retrieve the full column specification for this data.
ℹ Specify the column types or set `show_col_types = FALSE` to quiet this message.
Rows: 274097 Columns: 7
── Column specification ────────────────────────────────────────────────────────
Delimiter: ","
chr (3): region, iso_country_code, census_block_group
dbl (4): year, month, number_devices_residing, number_devices_primary_daytime

ℹ Use `spec()` to retrieve the full column specification for this data.
ℹ Specify the column types or set `show_col_types = FALSE` to quiet this message.
Rows: 274099 Columns: 7
── Column specification ────────────────────────────────────────────────────────
Delimiter: ","
chr (3): region, iso_country_code, census_block_group
dbl (4): year, month, number_devices_residing, number_devices_primary_daytime

ℹ Use `spec()` to retrieve the full column specification for this data.
ℹ Specify the column types or set `show_col_types = FALSE` to quiet this message.
Rows: 274099 Columns: 7
── Column specification ────────────────────────────────────────────────────────
Delimiter: ","
chr (3): region, iso_country_code, census_block_group
dbl (4): year, month, number_devices_residing, number_devices_primary_daytime

ℹ Use `spec()` to retrieve the full column specification for this data.
ℹ Specify the column types or set `show_col_types = FALSE` to quiet this message.
Rows: 272718 Columns: 7
── Column specification ────────────────────────────────────────────────────────
Delimiter: ","
chr (3): region, iso_country_code, census_block_group
dbl (4): year, month, number_devices_residing, number_devices_primary_daytime

ℹ Use `spec()` to retrieve the full column specification for this data.
ℹ Specify the column types or set `show_col_types = FALSE` to quiet this message.
Rows: 271628 Columns: 7
── Column specification ────────────────────────────────────────────────────────
Delimiter: ","
chr (3): region, iso_country_code, census_block_group
dbl (4): year, month, number_devices_residing, number_devices_primary_daytime

ℹ Use `spec()` to retrieve the full column specification for this data.
ℹ Specify the column types or set `show_col_types = FALSE` to quiet this message.
Rows: 220354 Columns: 7
── Column specification ────────────────────────────────────────────────────────
Delimiter: ","
chr (3): region, iso_country_code, census_block_group
dbl (4): year, month, number_devices_residing, number_devices_primary_daytime

ℹ Use `spec()` to retrieve the full column specification for this data.
ℹ Specify the column types or set `show_col_types = FALSE` to quiet this message.
Rows: 220307 Columns: 7
── Column specification ────────────────────────────────────────────────────────
Delimiter: ","
chr (3): region, iso_country_code, census_block_group
dbl (4): year, month, number_devices_residing, number_devices_primary_daytime

ℹ Use `spec()` to retrieve the full column specification for this data.
ℹ Specify the column types or set `show_col_types = FALSE` to quiet this message.
Rows: 271308 Columns: 7
── Column specification ────────────────────────────────────────────────────────
Delimiter: ","
chr (3): region, iso_country_code, census_block_group
dbl (4): year, month, number_devices_residing, number_devices_primary_daytime

ℹ Use `spec()` to retrieve the full column specification for this data.
ℹ Specify the column types or set `show_col_types = FALSE` to quiet this message.
Rows: 220244 Columns: 7
── Column specification ────────────────────────────────────────────────────────
Delimiter: ","
chr (3): region, iso_country_code, census_block_group
dbl (4): year, month, number_devices_residing, number_devices_primary_daytime

ℹ Use `spec()` to retrieve the full column specification for this data.
ℹ Specify the column types or set `show_col_types = FALSE` to quiet this message.
Rows: 271792 Columns: 7
── Column specification ────────────────────────────────────────────────────────
Delimiter: ","
chr (3): region, iso_country_code, census_block_group
dbl (4): year, month, number_devices_residing, number_devices_primary_daytime

ℹ Use `spec()` to retrieve the full column specification for this data.
ℹ Specify the column types or set `show_col_types = FALSE` to quiet this message.
Rows: 273824 Columns: 7
── Column specification ────────────────────────────────────────────────────────
Delimiter: ","
chr (3): region, iso_country_code, census_block_group
dbl (4): year, month, number_devices_residing, number_devices_primary_daytime

ℹ Use `spec()` to retrieve the full column specification for this data.
ℹ Specify the column types or set `show_col_types = FALSE` to quiet this message.
Rows: 265123 Columns: 7
── Column specification ────────────────────────────────────────────────────────
Delimiter: ","
chr (3): region, iso_country_code, census_block_group
dbl (4): year, month, number_devices_residing, number_devices_primary_daytime

ℹ Use `spec()` to retrieve the full column specification for this data.
ℹ Specify the column types or set `show_col_types = FALSE` to quiet this message.
Rows: 274191 Columns: 7
── Column specification ────────────────────────────────────────────────────────
Delimiter: ","
chr (3): region, iso_country_code, census_block_group
dbl (4): year, month, number_devices_residing, number_devices_primary_daytime

ℹ Use `spec()` to retrieve the full column specification for this data.
ℹ Specify the column types or set `show_col_types = FALSE` to quiet this message.
Rows: 274405 Columns: 7
── Column specification ────────────────────────────────────────────────────────
Delimiter: ","
chr (3): region, iso_country_code, census_block_group
dbl (4): year, month, number_devices_residing, number_devices_primary_daytime

ℹ Use `spec()` to retrieve the full column specification for this data.
ℹ Specify the column types or set `show_col_types = FALSE` to quiet this message.
Rows: 274292 Columns: 7
── Column specification ────────────────────────────────────────────────────────
Delimiter: ","
chr (3): region, iso_country_code, census_block_group
dbl (4): year, month, number_devices_residing, number_devices_primary_daytime

ℹ Use `spec()` to retrieve the full column specification for this data.
ℹ Specify the column types or set `show_col_types = FALSE` to quiet this message.
Rows: 274297 Columns: 7
── Column specification ────────────────────────────────────────────────────────
Delimiter: ","
chr (3): region, iso_country_code, census_block_group
dbl (4): year, month, number_devices_residing, number_devices_primary_daytime

ℹ Use `spec()` to retrieve the full column specification for this data.
ℹ Specify the column types or set `show_col_types = FALSE` to quiet this message.
Rows: 274233 Columns: 7
── Column specification ────────────────────────────────────────────────────────
Delimiter: ","
chr (3): region, iso_country_code, census_block_group
dbl (4): year, month, number_devices_residing, number_devices_primary_daytime

ℹ Use `spec()` to retrieve the full column specification for this data.
ℹ Specify the column types or set `show_col_types = FALSE` to quiet this message.
Rows: 274233 Columns: 7
── Column specification ────────────────────────────────────────────────────────
Delimiter: ","
chr (3): region, iso_country_code, census_block_group
dbl (4): year, month, number_devices_residing, number_devices_primary_daytime

ℹ Use `spec()` to retrieve the full column specification for this data.
ℹ Specify the column types or set `show_col_types = FALSE` to quiet this message.
Rows: 274133 Columns: 7
── Column specification ────────────────────────────────────────────────────────
Delimiter: ","
chr (3): region, iso_country_code, census_block_group
dbl (4): year, month, number_devices_residing, number_devices_primary_daytime

ℹ Use `spec()` to retrieve the full column specification for this data.
ℹ Specify the column types or set `show_col_types = FALSE` to quiet this message.
Rows: 274133 Columns: 7
── Column specification ────────────────────────────────────────────────────────
Delimiter: ","
chr (3): region, iso_country_code, census_block_group
dbl (4): year, month, number_devices_residing, number_devices_primary_daytime

ℹ Use `spec()` to retrieve the full column specification for this data.
ℹ Specify the column types or set `show_col_types = FALSE` to quiet this message.
Rows: 272697 Columns: 7
── Column specification ────────────────────────────────────────────────────────
Delimiter: ","
chr (3): region, iso_country_code, census_block_group
dbl (4): year, month, number_devices_residing, number_devices_primary_daytime

ℹ Use `spec()` to retrieve the full column specification for this data.
ℹ Specify the column types or set `show_col_types = FALSE` to quiet this message.
