[1] "/oak/stanford/groups/omramom/group_members/aminaly/heatwave_covid"
[1] 1
[1] 2
[1] 3
[1] 4
[1] 5
[1] 6
[1] 7
[1] 8
[1] 9
[1] 10
[1] 11
[1] 12
[1] 13
[1] 14
[1] 15
[1] 16
[1] 17
[1] 18
[1] 19
[1] 20
[1] 21
[1] 22
[1] 23
[1] 24
[1] 25
[1] 26
[1] 27
[1] 28
[1] 29
[1] 30
[1] 31
[1] 32
[1] 33
[1] 34
[1] 35
[1] 36
[1] 37
[1] 38
[1] 39
[1] 40
[1] 41
[1] 42
[1] 43
[1] 44
[1] 45
[1] 46
[1] 47
[1] 48
[1] 49
[1] 50
[1] 51
[1] 52
[1] 53
[1] 54
[1] 55
[1] 56
[1] 57
[1] 58
[1] 59
[1] 60
[1] 61
[1] 62
[1] 63
[1] 64
[1] 65
[1] 66
[1] 67
[1] 68
[1] 69
[1] 70
[1] 71
[1] 72
[1] 73
[1] 74
[1] 75
[1] 76
[1] 77
[1] 78
[1] 79
[1] 80
[1] 81
[1] 82
[1] 83
[1] 84
[1] 85
[1] 86
[1] "heatwaves_manual/safegraph/neighborhood-patterns/2022/02/09/release-2021-07-01/neighborhood_home_panel_summary//y=2018/m=1/part-00000-tid-6969958852302204603-8ba44237-58d3-4f5d-96b1-f3e8ce105622-62834-1-c000.csv"
[1] "heatwaves_manual/safegraph/neighborhood-patterns/2022/02/09/release-2021-07-01/neighborhood_home_panel_summary//y=2018/m=1/part-00000-tid-7517403689470412168-c0980679-b946-4256-b02d-757cdd40709b-197396-1-c000.csv"
[1] "heatwaves_manual/safegraph/neighborhood-patterns/2022/02/09/release-2021-07-01/neighborhood_home_panel_summary//y=2018/m=10/part-00000-tid-2897649905459835309-d85ba788-d6f2-4e84-9e27-8c549c76dec0-301086-1-c000.csv"
[1] "heatwaves_manual/safegraph/neighborhood-patterns/2022/02/09/release-2021-07-01/neighborhood_home_panel_summary//y=2018/m=10/part-00000-tid-3982316451307884381-ad5baf73-b1d3-4b62-bff5-913ef47c3be4-237013-1-c000.csv"
[1] "heatwaves_manual/safegraph/neighborhood-patterns/2022/02/09/release-2021-07-01/neighborhood_home_panel_summary//y=2018/m=11/part-00000-tid-2493385665620151868-a0debd41-a0b3-4ee6-a983-d3d6e701cfd2-235972-1-c000.csv"
[1] "heatwaves_manual/safegraph/neighborhood-patterns/2022/02/09/release-2021-07-01/neighborhood_home_panel_summary//y=2018/m=11/part-00000-tid-7861100769305165391-f25bfad5-e9d3-4a33-9f6c-6bf6fbedd588-302515-1-c000.csv"
[1] "heatwaves_manual/safegraph/neighborhood-patterns/2022/02/09/release-2021-07-01/neighborhood_home_panel_summary//y=2018/m=12/part-00000-tid-3874425218898937502-9fbb7670-a55d-4302-aa97-a838ad5f481f-298838-1-c000.csv"
[1] "heatwaves_manual/safegraph/neighborhood-patterns/2022/02/09/release-2021-07-01/neighborhood_home_panel_summary//y=2018/m=12/part-00000-tid-9135748087824649595-ba81b4cb-d8a1-42dc-bcc8-a7ed283c6192-233992-1-c000.csv"
[1] "heatwaves_manual/safegraph/neighborhood-patterns/2022/02/09/release-2021-07-01/neighborhood_home_panel_summary//y=2018/m=2/part-00000-tid-3499754110893838937-f578a27c-3a28-479c-9844-353ffe4d6c38-189573-1-c000.csv"
[1] "heatwaves_manual/safegraph/neighborhood-patterns/2022/02/09/release-2021-07-01/neighborhood_home_panel_summary//y=2018/m=2/part-00000-tid-6053002422734814291-0639a6a0-afcc-4d53-aa45-bb826175ec95-200764-1-c000.csv"
[1] "heatwaves_manual/safegraph/neighborhood-patterns/2022/02/09/release-2021-07-01/neighborhood_home_panel_summary//y=2018/m=3/part-00000-tid-3066957780415581987-8a92484c-48e8-42e3-be92-f93cf133cf9f-214072-1-c000.csv"
[1] "heatwaves_manual/safegraph/neighborhood-patterns/2022/02/09/release-2021-07-01/neighborhood_home_panel_summary//y=2018/m=3/part-00000-tid-665947264057058021-a0e43193-7ae0-4bed-bfec-8a1e3e23cf84-273280-1-c000.csv"
[1] "heatwaves_manual/safegraph/neighborhood-patterns/2022/02/09/release-2021-07-01/neighborhood_home_panel_summary//y=2018/m=4/part-00000-tid-5092287625072455436-58a518fe-17bf-4eda-9576-c313b0024120-42089-1-c000.csv"
[1] "heatwaves_manual/safegraph/neighborhood-patterns/2022/02/09/release-2021-07-01/neighborhood_home_panel_summary//y=2018/m=4/part-00000-tid-8752438134983768932-4465090d-bf00-462f-a806-4e53ec7bafb6-295345-1-c000.csv"
[1] "heatwaves_manual/safegraph/neighborhood-patterns/2022/02/09/release-2021-07-01/neighborhood_home_panel_summary//y=2018/m=5/part-00000-tid-6156780537357084649-af8bdf30-35db-412c-843b-b65c24f1e456-234655-1-c000.csv"
[1] "heatwaves_manual/safegraph/neighborhood-patterns/2022/02/09/release-2021-07-01/neighborhood_home_panel_summary//y=2018/m=5/part-00000-tid-6848428381880935706-97873edd-5caf-49b0-8e2b-bdef93d1107d-301923-1-c000.csv"
[1] "heatwaves_manual/safegraph/neighborhood-patterns/2022/02/09/release-2021-07-01/neighborhood_home_panel_summary//y=2018/m=6/part-00000-tid-2886888810625593825-1cce88c7-a421-4ab3-af2a-bd9c6ec9f125-289499-1-c000.csv"
[1] "heatwaves_manual/safegraph/neighborhood-patterns/2022/02/09/release-2021-07-01/neighborhood_home_panel_summary//y=2018/m=6/part-00000-tid-7995636662960014711-09aba7c0-40ea-4643-8467-be4b40af6fa2-228881-1-c000.csv"
[1] "heatwaves_manual/safegraph/neighborhood-patterns/2022/02/09/release-2021-07-01/neighborhood_home_panel_summary//y=2018/m=7/part-00000-tid-226410869276514357-7b2abf1e-44b0-49c3-861c-c101f66897eb-226420-1-c000.csv"
[1] "heatwaves_manual/safegraph/neighborhood-patterns/2022/02/09/release-2021-07-01/neighborhood_home_panel_summary//y=2018/m=7/part-00000-tid-8515818096534179804-5b06af48-7795-44ec-bd66-2b06ef52ab5c-286518-1-c000.csv"
[1] "heatwaves_manual/safegraph/neighborhood-patterns/2022/02/09/release-2021-07-01/neighborhood_home_panel_summary//y=2018/m=8/part-00000-tid-2760075644684415953-26e9df84-4a8a-413d-8275-c526fe18a482-287804-1-c000.csv"
[1] "heatwaves_manual/safegraph/neighborhood-patterns/2022/02/09/release-2021-07-01/neighborhood_home_panel_summary//y=2018/m=8/part-00000-tid-6567740704860536586-d899de27-34bc-463d-97ef-ccfc38770b85-228020-1-c000.csv"
[1] "heatwaves_manual/safegraph/neighborhood-patterns/2022/02/09/release-2021-07-01/neighborhood_home_panel_summary//y=2018/m=9/part-00000-tid-3795378690107861718-89a9c9c5-decb-49c6-9ca0-141b7a67454a-228393-1-c000.csv"
[1] "heatwaves_manual/safegraph/neighborhood-patterns/2022/02/09/release-2021-07-01/neighborhood_home_panel_summary//y=2018/m=9/part-00000-tid-8324854507957121237-430ee8a5-427a-49bd-bc67-702bcab0213a-291569-1-c000.csv"
[1] "heatwaves_manual/safegraph/neighborhood-patterns/2022/02/09/release-2021-07-01/neighborhood_home_panel_summary//y=2019/m=1/part-00000-tid-1907411119149902880-38570732-62ca-4083-8af6-eb8b6d7cba75-46907-1-c000.csv"
[1] "heatwaves_manual/safegraph/neighborhood-patterns/2022/02/09/release-2021-07-01/neighborhood_home_panel_summary//y=2019/m=1/part-00000-tid-2431257774666587674-33a46f76-e8bd-46bd-a51f-69661c9374a7-236572-1-c000.csv"
[1] "heatwaves_manual/safegraph/neighborhood-patterns/2022/02/09/release-2021-07-01/neighborhood_home_panel_summary//y=2019/m=10/part-00000-tid-57493947708949587-6e8b52f6-6d82-4ea8-ba9d-c06460b07c90-48079-1-c000.csv"
[1] "heatwaves_manual/safegraph/neighborhood-patterns/2022/02/09/release-2021-07-01/neighborhood_home_panel_summary//y=2019/m=10/part-00000-tid-8303144323563681163-34780a3c-93d9-48fc-9775-3eb8ff76b3ff-242862-1-c000.csv"
[1] "heatwaves_manual/safegraph/neighborhood-patterns/2022/02/09/release-2021-07-01/neighborhood_home_panel_summary//y=2019/m=11/part-00000-tid-7445996198150411619-5777e261-9cc6-4aa6-8065-7f1b9b3e12e6-48080-1-c000.csv"
[1] "heatwaves_manual/safegraph/neighborhood-patterns/2022/02/09/release-2021-07-01/neighborhood_home_panel_summary//y=2019/m=11/part-00000-tid-9026946573560795151-1e19b563-f186-4fba-a289-177ecdaa9bc3-236274-1-c000.csv"
[1] "heatwaves_manual/safegraph/neighborhood-patterns/2022/02/09/release-2021-07-01/neighborhood_home_panel_summary//y=2019/m=12/part-00000-tid-3346583761181618510-bd338c1c-4b73-4921-9fbe-d665ff4063c7-48082-1-c000.csv"
[1] "heatwaves_manual/safegraph/neighborhood-patterns/2022/02/09/release-2021-07-01/neighborhood_home_panel_summary//y=2019/m=12/part-00000-tid-7020423955063607744-1e338f44-82e6-4ea9-b930-b321686c0700-241164-1-c000.csv"
[1] "heatwaves_manual/safegraph/neighborhood-patterns/2022/02/09/release-2021-07-01/neighborhood_home_panel_summary//y=2019/m=2/part-00000-tid-6448047217234440494-fbb56e79-68e9-43d9-bf84-8c54849781f7-233794-1-c000.csv"
[1] "heatwaves_manual/safegraph/neighborhood-patterns/2022/02/09/release-2021-07-01/neighborhood_home_panel_summary//y=2019/m=2/part-00000-tid-6583229882976655775-a851a7a2-5cea-4a2e-b4d3-8dd8aa6b4cdd-46914-1-c000.csv"
[1] "heatwaves_manual/safegraph/neighborhood-patterns/2022/02/09/release-2021-07-01/neighborhood_home_panel_summary//y=2019/m=3/part-00000-tid-7632749493957026586-9bf63bc9-5111-4781-b096-30f1e7735330-243248-1-c000.csv"
[1] "heatwaves_manual/safegraph/neighborhood-patterns/2022/02/09/release-2021-07-01/neighborhood_home_panel_summary//y=2019/m=3/part-00000-tid-8004483198626668783-ab5d091d-f59b-4b8f-8e09-d25ea1f9e1a6-46908-1-c000.csv"
[1] "heatwaves_manual/safegraph/neighborhood-patterns/2022/02/09/release-2021-07-01/neighborhood_home_panel_summary//y=2019/m=4/part-00000-tid-6790461231610994669-41ff46c3-08a1-4e1c-bae6-e9145e456d6f-46911-1-c000.csv"
[1] "heatwaves_manual/safegraph/neighborhood-patterns/2022/02/09/release-2021-07-01/neighborhood_home_panel_summary//y=2019/m=4/part-00000-tid-7185402545819086233-2b93a9fb-60a9-4ff0-9c7c-fb1931616f28-246439-1-c000.csv"
[1] "heatwaves_manual/safegraph/neighborhood-patterns/2022/02/09/release-2021-07-01/neighborhood_home_panel_summary//y=2019/m=5/part-00000-tid-4953802583399605706-43d979d3-c210-4c7d-a628-ee5e1bb2f826-146549-1-c000.csv"
[1] "heatwaves_manual/safegraph/neighborhood-patterns/2022/02/09/release-2021-07-01/neighborhood_home_panel_summary//y=2019/m=5/part-00000-tid-6024721886146512309-98089db2-7060-47bf-9e41-a9fd78988d93-246076-1-c000.csv"
[1] "heatwaves_manual/safegraph/neighborhood-patterns/2022/02/09/release-2021-07-01/neighborhood_home_panel_summary//y=2019/m=6/part-00000-tid-2131559548833662093-076e2775-c9b2-4ff6-ab1e-1ca377f0caba-241348-1-c000.csv"
[1] "heatwaves_manual/safegraph/neighborhood-patterns/2022/02/09/release-2021-07-01/neighborhood_home_panel_summary//y=2019/m=6/part-00000-tid-706786405189211195-0d68d504-dbc9-490b-97c9-83b4377376b6-147577-1-c000.csv"
[1] "heatwaves_manual/safegraph/neighborhood-patterns/2022/02/09/release-2021-07-01/neighborhood_home_panel_summary//y=2019/m=7/part-00000-tid-1924749258796714805-d6d831ae-bf93-4326-a327-1f56117ca7e1-235703-1-c000.csv"
[1] "heatwaves_manual/safegraph/neighborhood-patterns/2022/02/09/release-2021-07-01/neighborhood_home_panel_summary//y=2019/m=7/part-00000-tid-3276176898864989033-917b118d-d068-4a9d-9be9-3d160cb75936-147576-1-c000.csv"
[1] "heatwaves_manual/safegraph/neighborhood-patterns/2022/02/09/release-2021-07-01/neighborhood_home_panel_summary//y=2019/m=8/part-00000-tid-1436322615051917548-99a36bab-26ea-4490-a348-8c1243388c91-149210-1-c000.csv"
[1] "heatwaves_manual/safegraph/neighborhood-patterns/2022/02/09/release-2021-07-01/neighborhood_home_panel_summary//y=2019/m=8/part-00000-tid-7268085066730404971-4c8fade5-60f2-43b6-884d-7ea251ee602e-244547-1-c000.csv"
[1] "heatwaves_manual/safegraph/neighborhood-patterns/2022/02/09/release-2021-07-01/neighborhood_home_panel_summary//y=2019/m=9/part-00000-tid-8668512029326199670-dd18b3dc-ff8a-4646-8d63-f40a1d642954-48083-1-c000.csv"
[1] "heatwaves_manual/safegraph/neighborhood-patterns/2022/02/09/release-2021-07-01/neighborhood_home_panel_summary//y=2019/m=9/part-00000-tid-8870254187490272812-74bf2847-81bf-4229-a8be-6dff4b3a623b-243260-1-c000.csv"
[1] "heatwaves_manual/safegraph/neighborhood-patterns/2022/02/09/release-2021-07-01/neighborhood_home_panel_summary//y=2020/m=1/part-00000-tid-3381288457656316841-8809fb71-86e4-4f11-b8ca-a637273c29f4-132011-1-c000.csv"
[1] "heatwaves_manual/safegraph/neighborhood-patterns/2022/02/09/release-2021-07-01/neighborhood_home_panel_summary//y=2020/m=1/part-00000-tid-5140026256145960878-2a83bea3-6e8d-48ac-b6ad-2ee8ffb12a14-250208-1-c000.csv"
[1] "heatwaves_manual/safegraph/neighborhood-patterns/2022/02/09/release-2021-07-01/neighborhood_home_panel_summary//y=2020/m=10/part-00000-tid-206379744690373738-22a46e4a-8950-41a4-b0e1-8131ba91de50-51-1-c000.csv"
[1] "heatwaves_manual/safegraph/neighborhood-patterns/2022/02/09/release-2021-07-01/neighborhood_home_panel_summary//y=2020/m=10/part-00000-tid-6659077953616987930-517c014c-c65f-441d-8af2-f4c889d0b9fb-306414-1-c000.csv"
[1] "heatwaves_manual/safegraph/neighborhood-patterns/2022/02/09/release-2021-07-01/neighborhood_home_panel_summary//y=2020/m=11/part-00000-tid-5061279298578401405-b41b00b5-29b4-4082-863c-a4b3a6100d38-465-1-c000.csv"
[1] "heatwaves_manual/safegraph/neighborhood-patterns/2022/02/09/release-2021-07-01/neighborhood_home_panel_summary//y=2020/m=11/part-00000-tid-6480298123135827559-fe3a6146-f884-41eb-bddc-3f47b30c6b07-295508-1-c000.csv"
[1] "heatwaves_manual/safegraph/neighborhood-patterns/2022/02/09/release-2021-07-01/neighborhood_home_panel_summary//y=2020/m=12/part-00000-tid-2448319634112974467-fb01f8b5-0003-4e0d-9f46-cd7b357b55d5-275791-1-c000.csv"
[1] "heatwaves_manual/safegraph/neighborhood-patterns/2022/02/09/release-2021-07-01/neighborhood_home_panel_summary//y=2020/m=12/part-00000-tid-6437865132498498400-7ce9e170-b94e-4c52-a867-3cca4bafbbea-467-1-c000.csv"
[1] "heatwaves_manual/safegraph/neighborhood-patterns/2022/02/09/release-2021-07-01/neighborhood_home_panel_summary//y=2020/m=2/part-00000-tid-7319589868735548132-0bcd7b89-d078-4d41-9a4c-75b14ba8a930-132013-1-c000.csv"
[1] "heatwaves_manual/safegraph/neighborhood-patterns/2022/02/09/release-2021-07-01/neighborhood_home_panel_summary//y=2020/m=2/part-00000-tid-8627260403262325315-ef5ccf92-d0d4-4669-8cf6-e41697df66d6-250457-1-c000.csv"
[1] "heatwaves_manual/safegraph/neighborhood-patterns/2022/02/09/release-2021-07-01/neighborhood_home_panel_summary//y=2020/m=3/part-00000-tid-4584527263350687612-fcff3e35-320c-4d00-8209-f708c63a9bc5-238391-1-c000.csv"
[1] "heatwaves_manual/safegraph/neighborhood-patterns/2022/02/09/release-2021-07-01/neighborhood_home_panel_summary//y=2020/m=3/part-00000-tid-8283112912919713310-2dcab046-e98e-42c6-af69-66eacc645a74-130983-1-c000.csv"
[1] "heatwaves_manual/safegraph/neighborhood-patterns/2022/02/09/release-2021-07-01/neighborhood_home_panel_summary//y=2020/m=4/part-00000-tid-3821824686038120819-900f943e-85d4-4a4a-adb3-b38e269625f9-221614-1-c000.csv"
[1] "heatwaves_manual/safegraph/neighborhood-patterns/2022/02/09/release-2021-07-01/neighborhood_home_panel_summary//y=2020/m=4/part-00000-tid-6503753904320949530-d7b2a81d-61a2-41dd-b859-3d8adac404cd-12-1-c000.csv"
[1] "heatwaves_manual/safegraph/neighborhood-patterns/2022/02/09/release-2021-07-01/neighborhood_home_panel_summary//y=2020/m=5/part-00000-tid-1933135339794252979-9c52c50e-671f-449e-b4bc-b41867826e1b-34-1-c000.csv"
[1] "heatwaves_manual/safegraph/neighborhood-patterns/2022/02/09/release-2021-07-01/neighborhood_home_panel_summary//y=2020/m=5/part-00000-tid-2883831467212305262-517e323c-aa7f-4687-bbc1-dbae4cc211d3-244691-1-c000.csv"
[1] "heatwaves_manual/safegraph/neighborhood-patterns/2022/02/09/release-2021-07-01/neighborhood_home_panel_summary//y=2020/m=6/part-00000-tid-1289960624154116022-2b2918a8-0e68-452e-8700-dcc376da2813-280112-1-c000.csv"
[1] "heatwaves_manual/safegraph/neighborhood-patterns/2022/02/09/release-2021-07-01/neighborhood_home_panel_summary//y=2020/m=6/part-00000-tid-2552241750971856054-ea6ab358-7da8-407d-a297-9d740b361fc6-50-1-c000.csv"
[1] "heatwaves_manual/safegraph/neighborhood-patterns/2022/02/09/release-2021-07-01/neighborhood_home_panel_summary//y=2020/m=7/part-00000-tid-2237912171234027665-f3ec8409-67a6-44ed-a7e1-f40f9122de2a-33-1-c000.csv"
[1] "heatwaves_manual/safegraph/neighborhood-patterns/2022/02/09/release-2021-07-01/neighborhood_home_panel_summary//y=2020/m=7/part-00000-tid-7491295562492873157-39b39d02-2c5d-4da4-805e-f88deb505ce3-305056-1-c000.csv"
[1] "heatwaves_manual/safegraph/neighborhood-patterns/2022/02/09/release-2021-07-01/neighborhood_home_panel_summary//y=2020/m=8/part-00000-tid-2676513690238959712-616e0677-e84f-4deb-a324-f1c657e32147-48-1-c000.csv"
[1] "heatwaves_manual/safegraph/neighborhood-patterns/2022/02/09/release-2021-07-01/neighborhood_home_panel_summary//y=2020/m=8/part-00000-tid-7050039203891230561-0c2648fd-3d08-421b-9b34-1f778540836a-300938-1-c000.csv"
[1] "heatwaves_manual/safegraph/neighborhood-patterns/2022/02/09/release-2021-07-01/neighborhood_home_panel_summary//y=2020/m=9/part-00000-tid-3008521443700359604-18fcfdb0-5ea2-415a-ba59-04c56b7fb7ce-47-1-c000.csv"
[1] "heatwaves_manual/safegraph/neighborhood-patterns/2022/02/09/release-2021-07-01/neighborhood_home_panel_summary//y=2020/m=9/part-00000-tid-4978464050945615656-968658ce-3ea3-4174-a1a0-99aeab6f0e9c-294483-1-c000.csv"
[1] "heatwaves_manual/safegraph/neighborhood-patterns/2022/02/09/release-2021-07-01/neighborhood_home_panel_summary//y=2021/m=1/part-00000-tid-49634764007172853-94fe28a9-75fa-42eb-999a-feb39a13d549-60341-1-c000.csv"
[1] "heatwaves_manual/safegraph/neighborhood-patterns/2022/02/09/release-2021-07-01/neighborhood_home_panel_summary//y=2021/m=1/part-00000-tid-5139860316239384022-381749bc-3988-4ec5-a342-9ab0972b03f4-261326-1-c000.csv"
[1] "heatwaves_manual/safegraph/neighborhood-patterns/2022/02/09/release-2021-07-01/neighborhood_home_panel_summary//y=2021/m=10/part-00000-tid-7593494950661523798-f1a8021c-384e-435a-a73c-888af9bd1094-267219-1-c000.csv"
[1] "heatwaves_manual/safegraph/neighborhood-patterns/2022/02/09/release-2021-07-01/neighborhood_home_panel_summary//y=2021/m=10/part-00000-tid-7711227972141425287-816d5686-ecd8-481d-8a47-373a0fdad524-266652-1-c000.csv"
[1] "heatwaves_manual/safegraph/neighborhood-patterns/2022/02/09/release-2021-07-01/neighborhood_home_panel_summary//y=2021/m=11/part-00000-tid-2675767468577098890-d600cbc5-70c8-4a3b-9677-ea7c4f444bbd-280937-1-c000.csv"
[1] "heatwaves_manual/safegraph/neighborhood-patterns/2022/02/09/release-2021-07-01/neighborhood_home_panel_summary//y=2021/m=11/part-00000-tid-7560875959525146021-5ca82a6f-e0a2-4176-9dcc-d0b08e15c392-93507-1-c000.csv"
[1] "heatwaves_manual/safegraph/neighborhood-patterns/2022/02/09/release-2021-07-01/neighborhood_home_panel_summary//y=2021/m=12/part-00000-tid-8991709244316337860-64989a59-cc12-4e40-adbf-ac0edf76d586-295884-1-c000.csv"
[1] "heatwaves_manual/safegraph/neighborhood-patterns/2022/02/09/release-2021-07-01/neighborhood_home_panel_summary//y=2021/m=2/part-00000-tid-4654995804924408884-f35f1c1a-8dc2-4ff8-9c23-d6cbc5ac6379-60340-1-c000.csv"
[1] "heatwaves_manual/safegraph/neighborhood-patterns/2022/02/09/release-2021-07-01/neighborhood_home_panel_summary//y=2021/m=2/part-00000-tid-6274934827921606912-da1761b4-b5fe-460e-9252-72ba65e7ee91-255416-1-c000.csv"
[1] "heatwaves_manual/safegraph/neighborhood-patterns/2022/02/09/release-2021-07-01/neighborhood_home_panel_summary//y=2021/m=3/part-00000-tid-5609641349494168730-f94f4b3c-d8e2-4aa0-b89a-695dde91888f-253825-1-c000.csv"
[1] "heatwaves_manual/safegraph/neighborhood-patterns/2022/02/09/release-2021-07-01/neighborhood_home_panel_summary//y=2021/m=3/part-00000-tid-7577841698495656877-0aeb4169-512b-4cef-9c57-1de7ef7f01b6-60343-1-c000.csv"
[1] "heatwaves_manual/safegraph/neighborhood-patterns/2022/02/09/release-2021-07-01/neighborhood_home_panel_summary//y=2021/m=4/part-00000-tid-808355521180029281-89394c66-e7b2-466c-b5bc-b7ac533f18fc-284087-1-c000.csv"
[1] "heatwaves_manual/safegraph/neighborhood-patterns/2022/02/09/release-2021-07-01/neighborhood_home_panel_summary//y=2021/m=4/part-00000-tid-8190270441124325781-72bfc37e-aabe-47b9-ac61-69ad754f9171-196681-1-c000.csv"
[1] "heatwaves_manual/safegraph/neighborhood-patterns/2022/02/09/release-2021-07-01/neighborhood_home_panel_summary//y=2021/m=5/part-00000-tid-1664720612322850135-f0218fa6-a9ec-46af-b542-2e7001b276d3-199137-1-c000.csv"
[1] "heatwaves_manual/safegraph/neighborhood-patterns/2022/02/09/release-2021-07-01/neighborhood_home_panel_summary//y=2021/m=5/part-00000-tid-7282459370123229546-db420d73-9625-4c46-af2e-c6d350edcfc8-302812-1-c000.csv"
[1] "heatwaves_manual/safegraph/neighborhood-patterns/2022/02/09/release-2021-07-01/neighborhood_home_panel_summary//y=2021/m=6/part-00000-tid-4073166431384611906-209d4ca2-5627-433e-9ef8-d90afa1847fe-299542-1-c000.csv"
[1] "heatwaves_manual/safegraph/neighborhood-patterns/2022/02/09/release-2021-07-01/neighborhood_home_panel_summary//y=2021/m=6/part-00000-tid-645827765676593293-ebc29066-378b-42b4-9d4c-9e9ad4bb5e22-196682-1-c000.csv"
[1] "heatwaves_manual/safegraph/neighborhood-patterns/2022/02/09/release-2021-07-01/neighborhood_home_panel_summary//y=2021/m=7/part-00000-tid-2042643150368119549-e300277a-3c78-4957-82f5-79b0bfc6813a-277366-1-c000.csv"
[1] "heatwaves_manual/safegraph/neighborhood-patterns/2022/02/09/release-2021-07-01/neighborhood_home_panel_summary//y=2021/m=7/part-00000-tid-8176661614592057314-5b4e61c9-4e38-477f-b2d8-8f1e467b1f21-325369-1-c000.csv"
[1] "heatwaves_manual/safegraph/neighborhood-patterns/2022/02/09/release-2021-07-01/neighborhood_home_panel_summary//y=2021/m=8/part-00000-tid-3690264705963354516-12dbea77-d504-4453-9d41-5655dfd02c4e-325370-1-c000.csv"
[1] "heatwaves_manual/safegraph/neighborhood-patterns/2022/02/09/release-2021-07-01/neighborhood_home_panel_summary//y=2021/m=8/part-00000-tid-861738250880196442-62afda56-6c39-4550-88a2-f52bbce9a3ee-268615-1-c000.csv"
[1] "heatwaves_manual/safegraph/neighborhood-patterns/2022/02/09/release-2021-07-01/neighborhood_home_panel_summary//y=2021/m=9/part-00000-tid-1688146420398166830-65367143-4e52-45bd-aead-e01552ca3327-263861-1-c000.csv"
[1] "heatwaves_manual/safegraph/neighborhood-patterns/2022/02/09/release-2021-07-01/neighborhood_home_panel_summary//y=2021/m=9/part-00000-tid-3706423432024995753-4970d83b-5e07-497f-9451-7e2c1faa5f1c-263412-1-c000.csv"
[1] "heatwaves_manual/safegraph/neighborhood-patterns/2022/02/09/release-2021-07-01/neighborhood_home_panel_summary//y=2022/m=1/part-00000-tid-1156179420735569381-de955e0a-72db-4c10-8e1d-41a8562d29a8-293071-1-c000.csv"
   census_block_group                date  fips distance_from_home stops_by_day
1:       060014001001 2018-01-01 08:00:00 06001              16715          248
2:       060014001001 2018-01-01 08:00:00 06001              16715          248
3:       060014001001 2018-01-02 08:00:00 06001              16715          211
4:       060014001001 2018-01-02 08:00:00 06001              16715          211
5:       060014001001 2018-01-03 08:00:00 06001              16715          310
6:       060014001001 2018-01-03 08:00:00 06001              16715          310
   day month year region iso_country_code number_devices_residing
1:   1     1 2018     ca               US                     172
2:   1     1 2018     ca               US                     172
3:   2     1 2018     ca               US                     172
4:   2     1 2018     ca               US                     172
5:   3     1 2018     ca               US                     172
6:   3     1 2018     ca               US                     172
   number_devices_primary_daytime
1:                            117
2:                            117
3:                            117
4:                            117
5:                            117
6:                            117
   census_block_group                date  fips distance_from_home stops_by_day
1:       060014001001 2018-01-01 08:00:00 06001              16715          248
2:       060014001001 2018-01-01 08:00:00 06001              16715          248
3:       060014001001 2018-01-02 08:00:00 06001              16715          211
4:       060014001001 2018-01-02 08:00:00 06001              16715          211
5:       060014001001 2018-01-03 08:00:00 06001              16715          310
6:       060014001001 2018-01-03 08:00:00 06001              16715          310
   day month year region iso_country_code number_devices_residing
1:   1     1 2018     ca               US                     172
2:   1     1 2018     ca               US                     172
3:   2     1 2018     ca               US                     172
4:   2     1 2018     ca               US                     172
5:   3     1 2018     ca               US                     172
6:   3     1 2018     ca               US                     172
   number_devices_primary_daytime median_income income_group unweighted_pop
1:                            117        177417            5           3018
2:                            117        177417            5           3018
3:                            117        177417            5           3018
4:                            117        177417            5           3018
5:                            117        177417            5           3018
6:                            117        177417            5           3018
# A tibble: 6 × 11
  date       county fips  census_block_group mean_high month  year mean_high_c
  <date>     <chr>  <chr> <chr>                  <dbl> <dbl> <dbl>       <dbl>
1 1979-01-01 041    06041 060411242004            285.     1  1979        12.1
2 1979-01-01 075    06075 060750108001            286.     1  1979        12.5
3 1979-01-01 001    06001 060014227001            284.     1  1979        11.0
4 1979-01-01 075    06075 060750611002            286.     1  1979        12.6
5 1979-01-01 085    06085 060855094013            287.     1  1979        13.6
6 1979-01-01 075    06075 060750128004            286.     1  1979        12.5
# … with 3 more variables: monthyear <chr>, z_score_high <dbl>, p_high <dbl>
