/var/spool/slurmd/job5624725/slurm_script: line 13: rasters_ml: command not found

Attaching package: ‘dplyr’

The following objects are masked from ‘package:stats’:

    filter, lag

The following objects are masked from ‘package:base’:

    intersect, setdiff, setequal, union

Loading required package: Matrix
── Attaching packages ─────────────────────────────────────── tidyverse 1.3.0 ──
✔ tibble  3.0.3     ✔ purrr   0.3.4
✔ tidyr   1.1.0     ✔ stringr 1.4.0
✔ readr   1.3.1     ✔ forcats 0.5.0
── Conflicts ────────────────────────────────────────── tidyverse_conflicts() ──
✖ tidyr::expand() masks Matrix::expand()
✖ dplyr::filter() masks stats::filter()
✖ dplyr::lag()    masks stats::lag()
✖ tidyr::pack()   masks Matrix::pack()
✖ tidyr::unpack() masks Matrix::unpack()

Attaching package: ‘lubridate’

The following objects are masked from ‘package:base’:

    date, intersect, setdiff, union


Attaching package: ‘reshape2’

The following object is masked from ‘package:tidyr’:

    smiths

`summarise()` ungrouping output (override with `.groups` argument)
`summarise()` regrouping output by 'county', 'fips', 'month', 'year' (override with `.groups` argument)
`summarise()` regrouping output by 'fips', 'measure', 'monthyear', 'county', 'income_group', 'population_est', 'state' (override with `.groups` argument)
Error in coef[i, ] <- coef(model) : 
  number of items to replace is not a multiple of replacement length
Calls: plot_data -> bootstrap_data
In addition: Warning messages:
1: In chol.default(mat, pivot = TRUE, tol = tol) :
  the matrix is either rank-deficient or indefinite
2: In newols(mm, nostats = nostats[1], exactDOF = exactDOF, onlyse = onlyse,  :
  Negative eigenvalues set to zero in multiway clustered variance matrix. See felm(...,psdef=FALSE)
3: In chol.default(mat, pivot = TRUE, tol = tol) :
  the matrix is either rank-deficient or indefinite
4: In newols(mm, nostats = nostats[1], exactDOF = exactDOF, onlyse = onlyse,  :
  Negative eigenvalues set to zero in multiway clustered variance matrix. See felm(...,psdef=FALSE)
Execution halted
