[1] "/oak/stanford/groups/omramom/group_members/aminaly/heatwave_covid"
##------ Mon Mar  1 19:54:04 2021 ------##
[1] "West"
[1] "Deaths per 100K + #Days high >90P \n West"
[1] "bootstrapped"
[1] "bootstrapped"
[1] "Deaths per 100K + #Days low >90P \n West"
[1] "bootstrapped"
[1] "bootstrapped"
[1] "Deaths per 100K + #Days high >90P \n 05-09 West"
[1] "bootstrapped"
[1] "bootstrapped"
[1] "Deaths per 100K + #Days low >90P \n 05-09 West"
[1] "bootstrapped"
[1] "bootstrapped"
[1] "Deaths per 100K + #Days high <10P \n West"
[1] "bootstrapped"
[1] "bootstrapped"
[1] "Deaths per 100K + #Days low <10P \n West"
[1] "bootstrapped"
[1] "bootstrapped"
[1] "Deaths per 100K + #Days high <10P \n 11-2 West"
[1] "bootstrapped"
[1] "bootstrapped"
[1] "Deaths per 100K + #Days low <10P \n 11-2 West"
[1] "bootstrapped"
[1] "bootstrapped"
