
Attaching package: ‘dplyr’

The following objects are masked from ‘package:stats’:

    filter, lag

The following objects are masked from ‘package:base’:

    intersect, setdiff, setequal, union

Loading required package: Matrix
── Attaching packages ─────────────────────────────────────── tidyverse 1.3.0 ──
✔ tibble  3.0.3     ✔ purrr   0.3.4
✔ tidyr   1.1.0     ✔ stringr 1.4.0
✔ readr   1.3.1     ✔ forcats 0.5.0
── Conflicts ────────────────────────────────────────── tidyverse_conflicts() ──
✖ tidyr::expand() masks Matrix::expand()
✖ dplyr::filter() masks stats::filter()
✖ dplyr::lag()    masks stats::lag()
✖ tidyr::pack()   masks Matrix::pack()
✖ tidyr::unpack() masks Matrix::unpack()

Attaching package: ‘lubridate’

The following objects are masked from ‘package:base’:

    date, intersect, setdiff, union


Attaching package: ‘reshape2’

The following object is masked from ‘package:tidyr’:

    smiths


Attaching package: ‘gridExtra’

The following object is masked from ‘package:dplyr’:

    combine

Error: Can't subset columns that don't exist.
✖ Column `month` doesn't exist.
Backtrace:
  1. `%>%`(...)
  3. dplyr:::select.data.frame(...)
  4. tidyselect::eval_select(expr(c(...)), .data)
  5. tidyselect:::eval_select_impl(...)
 13. tidyselect:::vars_select_eval(...)
     ...
 19. tidyselect:::as_indices_impl(x, vars, strict = strict)
 20. tidyselect:::chr_as_locations(x, vars)
 21. vctrs::vec_as_location(x, n = length(vars), names = vars)
 23. vctrs:::stop_subscript_oob(...)
 24. vctrs:::stop_subscript(...)
Execution halted
There were 50 or more warnings (use warnings() to see the first 50)
There were 50 or more warnings (use warnings() to see the first 50)
