
The following have been reloaded with a version change:
  1) gcc/6.3.0 => gcc/9.1.0

── Attaching packages ─────────────────────────────────────── tidyverse 1.3.1 ──
✔ tibble  3.1.6     ✔ purrr   0.3.4
✔ tidyr   1.2.0     ✔ stringr 1.4.0
✔ readr   2.1.2     ✔ forcats 0.5.1
── Conflicts ────────────────────────────────────────── tidyverse_conflicts() ──
✖ tidyr::expand() masks Matrix::expand()
✖ dplyr::filter() masks stats::filter()
✖ dplyr::lag()    masks stats::lag()
✖ tidyr::pack()   masks Matrix::pack()
✖ tidyr::unpack() masks Matrix::unpack()

Attaching package: ‘lubridate’

The following objects are masked from ‘package:base’:

    date, intersect, setdiff, union


Attaching package: ‘reshape2’

The following object is masked from ‘package:tidyr’:

    smiths


Attaching package: ‘gridExtra’

The following object is masked from ‘package:dplyr’:

    combine


Attaching package: ‘dplyr’

The following objects are masked from ‘package:stats’:

    filter, lag

The following objects are masked from ‘package:base’:

    intersect, setdiff, setequal, union

Loading required package: Matrix
── Attaching packages ─────────────────────────────────────── tidyverse 1.3.1 ──
✔ tibble  3.1.6     ✔ purrr   0.3.4
✔ tidyr   1.2.0     ✔ stringr 1.4.0
✔ readr   2.1.2     ✔ forcats 0.5.1
── Conflicts ────────────────────────────────────────── tidyverse_conflicts() ──
✖ tidyr::expand() masks Matrix::expand()
✖ dplyr::filter() masks stats::filter()
✖ dplyr::lag()    masks stats::lag()
✖ tidyr::pack()   masks Matrix::pack()
✖ tidyr::unpack() masks Matrix::unpack()

Attaching package: ‘lubridate’

The following objects are masked from ‘package:base’:

    date, intersect, setdiff, union


Attaching package: ‘reshape2’

The following object is masked from ‘package:tidyr’:

    smiths


Attaching package: ‘gridExtra’

The following object is masked from ‘package:dplyr’:

    combine

Error in makematrix(mf, contrasts, pf = parent.frame(), clustervar, wildcard = wildcard) : 
  0 (non-NA) cases; no valid data
Calls: plot_data_bin4 -> fe_model -> felm -> makematrix
Execution halted
Error in makematrix(mf, contrasts, pf = parent.frame(), clustervar, wildcard = wildcard) : 
  0 (non-NA) cases; no valid data
Calls: plot_data_bin4 -> fe_model -> felm -> makematrix
Execution halted
Error in makematrix(mf, contrasts, pf = parent.frame(), clustervar, wildcard = wildcard) : 
  0 (non-NA) cases; no valid data
Calls: plot_data_bin4 -> fe_model -> felm -> makematrix
In addition: Warning message:
In chol.default(mat, pivot = TRUE, tol = tol) :
  the matrix is either rank-deficient or indefinite
Execution halted
Error in makematrix(mf, contrasts, pf = parent.frame(), clustervar, wildcard = wildcard) : 
  0 (non-NA) cases; no valid data
Calls: plot_data_bin4 -> fe_model -> felm -> makematrix
Execution halted
