[1] "/oak/stanford/groups/omramom/group_members/aminaly/heatwave_covid"
##------ Mon May 10 11:13:11 2021 ------##
[1] "Mobility Index v Avg High"
[1] "bootstrapped"
[1] "Mobility Index v Avg High"
[1] "bootstrapped"
[1] "Mobility Index v Avg High"
[1] "bootstrapped"
[1] "Mobility Index v Avg High"
[1] "bootstrapped"
[1] "Mobility Index v Avg High"
[1] "bootstrapped"
[1] "Mobility Index v Avg High"
[1] "bootstrapped"
[1] "Mobility Index v Avg High"
[1] "bootstrapped"
[1] "Mobility Index v Avg High"
[1] "bootstrapped"
[1] "Mobility Index v Avg High"
[1] "bootstrapped"
[1] "Mobility Index v Avg High"
[1] "bootstrapped"
[1] "Mobility Index v Avg High 2020"
[1] "bootstrapped"
[1] "Mobility Index v Avg High 2020"
[1] "bootstrapped"
[1] "Mobility Index v Avg High 2020"
[1] "bootstrapped"
[1] "Mobility Index v Avg High 2020"
[1] "bootstrapped"
[1] "Mobility Index v Avg High 2020"
[1] "bootstrapped"
[1] "Mobility Index v Avg High 2020"
[1] "bootstrapped"
[1] "Mobility Index v Avg High 2020"
[1] "bootstrapped"
[1] "Mobility Index v Avg High 2020"
[1] "bootstrapped"
[1] "Mobility Index v Avg High 2020"
[1] "bootstrapped"
[1] "Mobility Index v Avg High 2020"
[1] "bootstrapped"
[1] "Mobility Index v Avg High Summer 2018-19"
[1] "bootstrapped"
[1] "Mobility Index v Avg High Summer 2018-19"
[1] "bootstrapped"
[1] "Mobility Index v Avg High Summer 2018-19"
[1] "bootstrapped"
[1] "Mobility Index v Avg High Summer 2018-19"
[1] "bootstrapped"
[1] "Mobility Index v Avg High Summer 2018-19"
[1] "bootstrapped"
[1] "Mobility Index v Avg High Summer 2018-19"
[1] "bootstrapped"
[1] "Mobility Index v Avg High Summer 2018-19"
[1] "bootstrapped"
[1] "Mobility Index v Avg High Summer 2018-19"
[1] "bootstrapped"
[1] "Mobility Index v Avg High Summer 2018-19"
[1] "bootstrapped"
[1] "Mobility Index v Avg High Summer 2018-19"
[1] "bootstrapped"
[1] "Mobility Index v /n Avg High 2020 Summer"
[1] "bootstrapped"
[1] "Mobility Index v /n Avg High 2020 Summer"
[1] "bootstrapped"
[1] "Mobility Index v /n Avg High 2020 Summer"
[1] "bootstrapped"
[1] "Mobility Index v /n Avg High 2020 Summer"
[1] "bootstrapped"
[1] "Mobility Index v /n Avg High 2020 Summer"
[1] "bootstrapped"
[1] "Mobility Index v /n Avg High 2020 Summer"
[1] "bootstrapped"
[1] "Mobility Index v /n Avg High 2020 Summer"
[1] "bootstrapped"
[1] "Mobility Index v /n Avg High 2020 Summer"
[1] "bootstrapped"
[1] "Mobility Index v /n Avg High 2020 Summer"
[1] "bootstrapped"
[1] "Mobility Index v /n Avg High 2020 Summer"
[1] "bootstrapped"
[1] "Mobility Index v Avg High"
[1] "bootstrapped"
[1] "Mobility Index v Avg High"
[1] "bootstrapped"
[1] "Mobility Index v Avg High"
[1] "bootstrapped"
[1] "Mobility Index v Avg High"
[1] "bootstrapped"
[1] "Mobility Index v Avg High"
[1] "bootstrapped"
[1] "Mobility Index v Avg High"
[1] "bootstrapped"
[1] "Mobility Index v Avg High"
[1] "bootstrapped"
[1] "Mobility Index v Avg High"
[1] "bootstrapped"
[1] "Mobility Index v Avg High"
[1] "bootstrapped"
[1] "Mobility Index v Avg High"
[1] "bootstrapped"
[1] "Mobility Index v Avg High 2020"
[1] "bootstrapped"
[1] "Mobility Index v Avg High 2020"
[1] "bootstrapped"
[1] "Mobility Index v Avg High 2020"
[1] "bootstrapped"
[1] "Mobility Index v Avg High 2020"
[1] "bootstrapped"
[1] "Mobility Index v Avg High 2020"
[1] "bootstrapped"
[1] "Mobility Index v Avg High 2020"
[1] "bootstrapped"
[1] "Mobility Index v Avg High 2020"
[1] "bootstrapped"
[1] "Mobility Index v Avg High 2020"
[1] "bootstrapped"
[1] "Mobility Index v Avg High 2020"
[1] "bootstrapped"
[1] "Mobility Index v Avg High 2020"
[1] "bootstrapped"
[1] "Mobility Index v Avg High Summer 2018-19"
[1] "bootstrapped"
[1] "Mobility Index v Avg High Summer 2018-19"
[1] "bootstrapped"
[1] "Mobility Index v Avg High Summer 2018-19"
[1] "bootstrapped"
[1] "Mobility Index v Avg High Summer 2018-19"
[1] "bootstrapped"
[1] "Mobility Index v Avg High Summer 2018-19"
[1] "bootstrapped"
[1] "Mobility Index v Avg High Summer 2018-19"
[1] "bootstrapped"
[1] "Mobility Index v Avg High Summer 2018-19"
[1] "bootstrapped"
[1] "Mobility Index v Avg High Summer 2018-19"
[1] "bootstrapped"
[1] "Mobility Index v Avg High Summer 2018-19"
[1] "bootstrapped"
[1] "Mobility Index v Avg High Summer 2018-19"
[1] "bootstrapped"
[1] "Mobility Index v /n Avg High 2020 Summer"
[1] "bootstrapped"
[1] "Mobility Index v /n Avg High 2020 Summer"
[1] "bootstrapped"
[1] "Mobility Index v /n Avg High 2020 Summer"
[1] "bootstrapped"
[1] "Mobility Index v /n Avg High 2020 Summer"
[1] "bootstrapped"
[1] "Mobility Index v /n Avg High 2020 Summer"
[1] "bootstrapped"
[1] "Mobility Index v /n Avg High 2020 Summer"
[1] "bootstrapped"
[1] "Mobility Index v /n Avg High 2020 Summer"
[1] "bootstrapped"
[1] "Mobility Index v /n Avg High 2020 Summer"
[1] "bootstrapped"
[1] "Mobility Index v /n Avg High 2020 Summer"
[1] "bootstrapped"
[1] "Mobility Index v /n Avg High 2020 Summer"
[1] "bootstrapped"
