[1] "/oak/stanford/groups/omramom/group_members/aminaly/heatwave_covid"
         census_block_group       date  fips distance_from_home stops_by_day
      1:       060014001001 2018-01-01 06001              16715          248
      2:       060014001001 2018-01-02 06001              16715          211
      3:       060014001001 2018-01-03 06001              16715          310
      4:       060014001001 2018-01-04 06001              16715          288
      5:       060014001001 2018-01-05 06001              16715          248
     ---                                                                    
7657270:       060979901000 2022-01-27 06097              55194            1
7657271:       060979901000 2022-01-28 06097              55194            5
7657272:       060979901000 2022-01-29 06097              55194           10
7657273:       060979901000 2022-01-30 06097              55194            5
7657274:       060979901000 2022-01-31 06097              55194            3
         day month year region iso_country_code number_devices_residing
      1:   1     1 2018     ca               US                     172
      2:   2     1 2018     ca               US                     172
      3:   3     1 2018     ca               US                     172
      4:   4     1 2018     ca               US                     172
      5:   5     1 2018     ca               US                     172
     ---                                                               
7657270:  27     1 2022     ca               US                       6
7657271:  28     1 2022     ca               US                       6
7657272:  29     1 2022     ca               US                       6
7657273:  30     1 2022     ca               US                       6
7657274:  31     1 2022     ca               US                       6
         number_devices_primary_daytime median_income income_group
      1:                            117        177417            5
      2:                            117        177417            5
      3:                            117        177417            5
      4:                            117        177417            5
      5:                            117        177417            5
     ---                                                          
7657270:                              4            NA           NA
7657271:                              4            NA           NA
7657272:                              4            NA           NA
7657273:                              4            NA           NA
7657274:                              4            NA           NA
         unweighted_pop county mean_high mean_high_c monthyear z_score_high
      1:           3018    001   289.400      16.250     12018   -0.7603002
      2:           3018    001   288.825      15.675     12018   -0.8734147
      3:           3018    001   287.650      14.500     12018   -1.1045617
      4:           3018    001   290.050      16.900     12018   -0.6324317
      5:           3018    001   288.400      15.250     12018   -0.9570211
     ---                                                                   
7657270:             NA   <NA>        NA          NA      <NA>           NA
7657271:             NA   <NA>        NA          NA      <NA>           NA
7657272:             NA   <NA>        NA          NA      <NA>           NA
7657273:             NA   <NA>        NA          NA      <NA>           NA
7657274:             NA   <NA>        NA          NA      <NA>           NA
           p_high countyyear monthweek
      1: 22.35376  060012018      Jan1
      2: 19.12185  060012018      Jan1
      3: 13.46748  060012018      Jan1
      4: 26.35524  060012018      Jan1
      5: 16.92783  060012018      Jan1
     ---                              
7657270:       NA  060972022      Jan4
7657271:       NA  060972022      Jan4
7657272:       NA  060972022      Jan5
7657273:       NA  060972022      Jan5
7657274:       NA  060972022      Jan5
##------ Tue Apr  5 13:36:53 2022 ------##
[1] "bootstrapped"
[1] "bootstrapped"
[1] "bootstrapped"
[1] "bootstrapped"
[1] "bootstrapped"
[1] "bootstrapped"
[1] "bootstrapped"
null device 
          1 
[1] "bootstrapped"
[1] "bootstrapped"
[1] "bootstrapped"
[1] "bootstrapped"
[1] "bootstrapped"
[1] "bootstrapped"
[1] "bootstrapped"
null device 
          1 
