[1] "/oak/stanford/groups/omramom/group_members/aminaly/heatwave_covid"
[1] "heatwaves_manual/safegraph/patterns/2020/12/17/y=2018/m=1/part-00000-tid-6004434886611232284-a689a595-5a30-4c30-84a7-4cb9b397286f-357173-1-c000.csv.gz"
[1] "heatwaves_manual/safegraph/patterns/2020/12/17/y=2018/m=10/part-00000-tid-8315947938788760898-df4e90c8-705e-425f-9818-a26dcfa0ca72-461257-1-c000.csv.gz"
[1] "heatwaves_manual/safegraph/patterns/2020/12/17/y=2018/m=12/part-00000-tid-5075403022424906906-79516db3-be68-4b60-a761-d2f3796d5630-447670-1-c000.csv.gz"
[1] "heatwaves_manual/safegraph/patterns/2020/12/17/y=2018/m=2/part-00000-tid-7554239036292837175-3bd32fbc-5d47-4db0-b01c-da0cbea8d41c-185952-1-c000.csv.gz"
[1] "heatwaves_manual/safegraph/patterns/2020/12/17/y=2018/m=4/part-00000-tid-817829425992321480-3269f2dd-1fb5-4de6-8671-4f1b200d3678-442855-1-c000.csv.gz"
[1] "heatwaves_manual/safegraph/patterns/2020/12/17/y=2018/m=5/part-00000-tid-4953377657393150288-a83d17f1-85be-486b-ac50-e18925223e94-451281-1-c000.csv.gz"
[1] "heatwaves_manual/safegraph/patterns/2020/12/17/y=2018/m=6/part-00000-tid-2191151104646961434-55ba64ef-0928-47a8-bbde-b946f9bc5468-403487-1-c000.csv.gz"
[1] "heatwaves_manual/safegraph/patterns/2020/12/17/y=2018/m=8/part-00000-tid-348401725711161561-a8eb7d72-1385-4259-9e57-715d3f7db64c-430931-1-c000.csv.gz"
[1] "heatwaves_manual/safegraph/patterns/2020/12/17/y=2018/m=9/part-00000-tid-1019408667633062980-14f98cd8-dbf2-4524-8e00-7a91c7ca3e09-442022-1-c000.csv.gz"
[1] "heatwaves_manual/safegraph/patterns/2020/12/17/y=2019/m=1/part-00000-tid-2587711432088632094-7cafefd4-273e-4b9c-92cd-dd9af28ae678-459932-1-c000.csv.gz"
[1] "heatwaves_manual/safegraph/patterns/2020/12/17/y=2019/m=10/part-00000-tid-3268273485536773818-f0d1bdf7-f5e9-4d2d-a7a3-8ad21dc10eb8-467027-1-c000.csv.gz"
[1] "heatwaves_manual/safegraph/patterns/2020/12/17/y=2019/m=11/part-00000-tid-161502729572950803-1ef4a3dd-435e-4853-8a51-b01a0f794959-421582-1-c000.csv.gz"
[1] "heatwaves_manual/safegraph/patterns/2020/12/17/y=2019/m=12/part-00000-tid-5987635508865936675-08ed7dd9-0ce1-4fce-8c52-80bea0b694b8-499676-1-c000.csv.gz"
[1] "heatwaves_manual/safegraph/patterns/2020/12/17/y=2019/m=2/part-00000-tid-570783454869882733-58653d1d-ff5b-4518-a719-271c6a66951d-446334-1-c000.csv.gz"
[1] "heatwaves_manual/safegraph/patterns/2020/12/17/y=2019/m=7/part-00000-tid-3798720261595869959-e71ec1e3-00a7-48ed-b438-dd922e7dd3cb-449769-1-c000.csv.gz"
[1] "heatwaves_manual/safegraph/patterns/2020/12/17/y=2019/m=8/part-00000-tid-2086940405149716061-b3f5001b-f582-4ad2-bd73-d103e096d953-488263-1-c000.csv.gz"
[1] "heatwaves_manual/safegraph/patterns/2020/12/17/y=2019/m=9/part-00000-tid-4267182455985046568-0bcbbfa8-f0f5-469e-a9a8-db41dbf3e730-482655-1-c000.csv.gz"
[1] "heatwaves_manual/safegraph/patterns/2020/12/17/y=2020/m=2/part-00000-tid-1010509462175773749-decc1e87-8574-4d31-a87f-76d46acda015-415212-1-c000.csv.gz"
[1] "heatwaves_manual/safegraph/patterns/2020/12/17/y=2020/m=3/part-00000-tid-5751189502604664069-f877bb5e-11a2-481c-8b95-ad73772cb8b0-391180-1-c000.csv.gz"
[1] "heatwaves_manual/safegraph/patterns/2020/12/17/y=2020/m=4/part-00000-tid-6206223537177818645-941ba60d-84b0-4526-b43a-5cb14e1bb9fe-396203-1-c000.csv.gz"
[1] "heatwaves_manual/safegraph/patterns/2020/12/17/y=2020/m=5/part-00000-tid-5636777254076729193-9c79e9ad-39f2-4170-990e-990a745171be-443664-1-c000.csv.gz"
[1] "heatwaves_manual/safegraph/patterns/2020/12/17/y=2020/m=6/part-00000-tid-4803496380939542892-2d24e2fc-2fdc-4343-ae0d-dbb1e354fe18-469414-1-c000.csv.gz"
[1] "heatwaves_manual/safegraph/patterns/2020/12/17/y=2020/m=7/part-00000-tid-1756974745228827849-9b5b064f-e395-4753-80b6-745a0cb21907-469664-1-c000.csv.gz"
[1] "heatwaves_manual/safegraph/patterns/2020/12/17/y=2020/m=8/part-00000-tid-1421559760508929856-a405718a-e08b-4178-8c2f-b17b3125a990-485755-1-c000.csv.gz"
[1] "heatwaves_manual/safegraph/patterns/2020/12/17/y=2020/m=9/part-00000-tid-4953045486177622371-2b21c6c4-f654-4f41-b557-54df12282e49-476764-1-c000.csv.gz"
[1] "heatwaves_manual/safegraph/neighborhood_home_panel_summary/2020/12/17/y=2018/m=1/part-00000-tid-4607523909630084364-b3dc3fa2-b852-4a5b-a794-359b634dfaed-16711-1-c000.csv"
[1] "heatwaves_manual/safegraph/neighborhood_home_panel_summary/2020/12/17/y=2018/m=10/part-00000-tid-3309357415437038280-91003e3e-c1f1-4b55-a215-1aa2a0ee7c14-22428-1-c000.csv"
[1] "heatwaves_manual/safegraph/neighborhood_home_panel_summary/2020/12/17/y=2018/m=11/part-00000-tid-2056963299069801714-6883ca96-e3ab-40e4-9643-251b185f105e-22400-1-c000.csv"
[1] "heatwaves_manual/safegraph/neighborhood_home_panel_summary/2020/12/17/y=2018/m=12/part-00000-tid-8546407390176812923-f39cbec1-32e4-458a-90e4-5e6a87a1422e-20526-1-c000.csv"
[1] "heatwaves_manual/safegraph/neighborhood_home_panel_summary/2020/12/17/y=2018/m=2/part-00000-tid-5441447328553464727-2e1e4a63-fbba-4573-9e07-0e067215d1be-17237-1-c000.csv"
[1] "heatwaves_manual/safegraph/neighborhood_home_panel_summary/2020/12/17/y=2018/m=3/part-00000-tid-5791747620621198167-05b9cc4e-9aec-49b6-9af6-4887f7522f42-18066-1-c000.csv"
[1] "heatwaves_manual/safegraph/neighborhood_home_panel_summary/2020/12/17/y=2018/m=4/part-00000-tid-8706218405252354393-3bb4bdf8-6f31-4772-a80e-7d156737d3a5-18718-1-c000.csv"
[1] "heatwaves_manual/safegraph/neighborhood_home_panel_summary/2020/12/17/y=2018/m=5/part-00000-tid-686970992246905855-6e33ee38-8c17-4ff2-88ff-8f2084908d01-19210-1-c000.csv"
[1] "heatwaves_manual/safegraph/neighborhood_home_panel_summary/2020/12/17/y=2018/m=6/part-00000-tid-2153267985328585742-1590c8f5-2379-4f97-a734-23cf65b7841a-19100-1-c000.csv"
[1] "heatwaves_manual/safegraph/neighborhood_home_panel_summary/2020/12/17/y=2018/m=7/part-00000-tid-5330356332819033465-facf033d-d8b6-456c-a3ec-0c9da277bfa3-19738-1-c000.csv"
[1] "heatwaves_manual/safegraph/neighborhood_home_panel_summary/2020/12/17/y=2018/m=8/part-00000-tid-3655023811291942572-df03595f-7cb3-4674-a03f-432206b763b7-20243-1-c000.csv"
[1] "heatwaves_manual/safegraph/neighborhood_home_panel_summary/2020/12/17/y=2018/m=9/part-00000-tid-3644111464194152638-2347fc4c-4aa1-49b0-903c-bc7f0637d8af-20331-1-c000.csv"
[1] "heatwaves_manual/safegraph/neighborhood_home_panel_summary/2020/12/17/y=2019/m=1/part-00000-tid-530828239568255749-40960ba8-d404-4d09-a8aa-7248a85ed8dc-22309-1-c000.csv"
[1] "heatwaves_manual/safegraph/neighborhood_home_panel_summary/2020/12/17/y=2019/m=10/part-00000-tid-1921605014189156398-b24663cc-dc19-46dd-8225-7f2d02ac2e60-21901-1-c000.csv"
[1] "heatwaves_manual/safegraph/neighborhood_home_panel_summary/2020/12/17/y=2019/m=11/part-00000-tid-7602688011960828445-04d482b1-4cb7-4324-945e-b605a788329f-21997-1-c000.csv"
[1] "heatwaves_manual/safegraph/neighborhood_home_panel_summary/2020/12/17/y=2019/m=12/part-00000-tid-6357489397871528908-6c66ba1d-a73f-4177-ae68-9e30db45ec98-22035-1-c000.csv"
[1] "heatwaves_manual/safegraph/neighborhood_home_panel_summary/2020/12/17/y=2019/m=2/part-00000-tid-4988130487672420828-e369e530-c9be-42ea-83d1-3e20af35e33a-20747-1-c000.csv"
[1] "heatwaves_manual/safegraph/neighborhood_home_panel_summary/2020/12/17/y=2019/m=3/part-00000-tid-1621387135646085152-bc505412-b7d3-43d1-adbf-7ffb170b795c-24459-1-c000.csv"
[1] "heatwaves_manual/safegraph/neighborhood_home_panel_summary/2020/12/17/y=2019/m=4/part-00000-tid-6268888543250647820-ef865d24-2308-435b-b870-bd8ed3faee18-25079-1-c000.csv"
[1] "heatwaves_manual/safegraph/neighborhood_home_panel_summary/2020/12/17/y=2019/m=5/part-00000-tid-4483054447075143375-997cc666-3832-460a-8831-3e198824ad6e-23887-1-c000.csv"
[1] "heatwaves_manual/safegraph/neighborhood_home_panel_summary/2020/12/17/y=2019/m=6/part-00000-tid-7091479677568248082-48543e3c-15ab-4ac0-8974-9bda48039044-24523-1-c000.csv"
[1] "heatwaves_manual/safegraph/neighborhood_home_panel_summary/2020/12/17/y=2019/m=7/part-00000-tid-3223244893986778523-0ac4be59-0ee6-4b90-896a-8c390d106cbd-27076-1-c000.csv"
[1] "heatwaves_manual/safegraph/neighborhood_home_panel_summary/2020/12/17/y=2019/m=8/part-00000-tid-7625066515933310109-3d1e1a6e-a4b6-4442-b74b-341b7fc34359-26842-1-c000.csv"
[1] "heatwaves_manual/safegraph/neighborhood_home_panel_summary/2020/12/17/y=2019/m=9/part-00000-tid-7660112723139168272-47aa0d7c-3d77-4cad-aab8-b351817736ee-23162-1-c000.csv"
[1] "heatwaves_manual/safegraph/neighborhood_home_panel_summary/2020/12/17/y=2020/m=1/part-00000-tid-5256183695400895013-8839b54a-699c-44a9-8897-e31bedf8c15e-22988-1-c000.csv"
[1] "heatwaves_manual/safegraph/neighborhood_home_panel_summary/2020/12/17/y=2020/m=10/part-00000-tid-2183862633412022991-c07bcab6-a4ad-431b-b3c3-75609d581607-40932-1-c000.csv"
[1] "heatwaves_manual/safegraph/neighborhood_home_panel_summary/2020/12/17/y=2020/m=11/part-00000-tid-1775023300837159685-2f7ea89b-6062-4dd4-991c-848eb6d17f6e-35419-1-c000.csv"
[1] "heatwaves_manual/safegraph/neighborhood_home_panel_summary/2020/12/17/y=2020/m=2/part-00000-tid-3059936022861538239-7ce3c80a-ebff-4b69-b184-36f0e3f6cfca-21159-1-c000.csv"
[1] "heatwaves_manual/safegraph/neighborhood_home_panel_summary/2020/12/17/y=2020/m=3/part-00000-tid-5288180791067162811-0d943b5c-67c6-4cec-a7e9-a9a11f8e080d-20882-1-c000.csv"
[1] "heatwaves_manual/safegraph/neighborhood_home_panel_summary/2020/12/17/y=2020/m=4/part-00000-tid-3127085825504027541-3bc309bd-0db2-4e37-aaeb-cac3764d1bb3-19121-1-c000.csv"
[1] "heatwaves_manual/safegraph/neighborhood_home_panel_summary/2020/12/17/y=2020/m=6/part-00000-tid-827995489468728832-a4b3f88c-7875-4db4-bf6b-da04883936fb-32108-1-c000.csv"
[1] "heatwaves_manual/safegraph/neighborhood_home_panel_summary/2020/12/17/y=2020/m=7/part-00000-tid-795662212354418443-ff7b7f5c-94d3-49a1-8703-1c0da9a6868e-37478-1-c000.csv"
[1] "heatwaves_manual/safegraph/neighborhood_home_panel_summary/2020/12/17/y=2020/m=8/part-00000-tid-5644429194792231946-b263c1f0-9729-4be3-9deb-d7923b1c5181-35385-1-c000.csv"
[1] "heatwaves_manual/safegraph/neighborhood_home_panel_summary/2020/12/17/y=2020/m=9/part-00000-tid-5896854111079074417-bafde3f0-9f36-4903-9efc-c620c5e8567d-45205-1-c000.csv"
