
Attaching package: ‘dplyr’

The following objects are masked from ‘package:stats’:

    filter, lag

The following objects are masked from ‘package:base’:

    intersect, setdiff, setequal, union

── Attaching packages ─────────────────────────────────────── tidyverse 1.3.0 ──
✔ ggplot2 3.3.2     ✔ purrr   0.3.4
✔ tibble  3.0.3     ✔ stringr 1.4.0
✔ tidyr   1.1.0     ✔ forcats 0.5.0
✔ readr   1.3.1     
── Conflicts ────────────────────────────────────────── tidyverse_conflicts() ──
✖ dplyr::filter() masks stats::filter()
✖ dplyr::lag()    masks stats::lag()

Attaching package: ‘lubridate’

The following objects are masked from ‘package:base’:

    date, intersect, setdiff, union


Attaching package: ‘reshape2’

The following object is masked from ‘package:tidyr’:

    smiths

Parsed with column specification:
cols(
  .default = col_double(),
  origin_census_block_group = col_character(),
  date_range_start = col_datetime(format = ""),
  date_range_end = col_datetime(format = ""),
  bucketed_distance_traveled = col_character(),
  median_dwell_at_bucketed_distance_traveled = col_character(),
  bucketed_home_dwell_time = col_character(),
  at_home_by_each_hour = col_character(),
  destination_cbgs = col_character(),
  bucketed_away_from_home_time = col_character(),
  bucketed_percentage_time_home = col_character()
)
See spec(...) for full column specifications.
Parsed with column specification:
cols(
  .default = col_double(),
  origin_census_block_group = col_character(),
  date_range_start = col_datetime(format = ""),
  date_range_end = col_datetime(format = ""),
  bucketed_distance_traveled = col_character(),
  median_dwell_at_bucketed_distance_traveled = col_character(),
  bucketed_home_dwell_time = col_character(),
  at_home_by_each_hour = col_character(),
  destination_cbgs = col_character(),
  bucketed_away_from_home_time = col_character(),
  bucketed_percentage_time_home = col_character()
)
See spec(...) for full column specifications.
Parsed with column specification:
cols(
  .default = col_double(),
  origin_census_block_group = col_character(),
  date_range_start = col_datetime(format = ""),
  date_range_end = col_datetime(format = ""),
  bucketed_distance_traveled = col_character(),
  median_dwell_at_bucketed_distance_traveled = col_character(),
  bucketed_home_dwell_time = col_character(),
  at_home_by_each_hour = col_character(),
  destination_cbgs = col_character(),
  bucketed_away_from_home_time = col_character(),
  bucketed_percentage_time_home = col_character()
)
See spec(...) for full column specifications.
Parsed with column specification:
cols(
  .default = col_double(),
  origin_census_block_group = col_character(),
  date_range_start = col_datetime(format = ""),
  date_range_end = col_datetime(format = ""),
  bucketed_distance_traveled = col_character(),
  median_dwell_at_bucketed_distance_traveled = col_character(),
  bucketed_home_dwell_time = col_character(),
  at_home_by_each_hour = col_character(),
  destination_cbgs = col_character(),
  bucketed_away_from_home_time = col_character(),
  bucketed_percentage_time_home = col_character()
)
See spec(...) for full column specifications.
Parsed with column specification:
cols(
  .default = col_double(),
  origin_census_block_group = col_character(),
  date_range_start = col_datetime(format = ""),
  date_range_end = col_datetime(format = ""),
  bucketed_distance_traveled = col_character(),
  median_dwell_at_bucketed_distance_traveled = col_character(),
  bucketed_home_dwell_time = col_character(),
  at_home_by_each_hour = col_character(),
  destination_cbgs = col_character(),
  bucketed_away_from_home_time = col_character(),
  bucketed_percentage_time_home = col_character()
)
See spec(...) for full column specifications.
Parsed with column specification:
cols(
  .default = col_double(),
  origin_census_block_group = col_character(),
  date_range_start = col_datetime(format = ""),
  date_range_end = col_datetime(format = ""),
  bucketed_distance_traveled = col_character(),
  median_dwell_at_bucketed_distance_traveled = col_character(),
  bucketed_home_dwell_time = col_character(),
  at_home_by_each_hour = col_character(),
  destination_cbgs = col_character(),
  bucketed_away_from_home_time = col_character(),
  bucketed_percentage_time_home = col_character()
)
See spec(...) for full column specifications.
Parsed with column specification:
cols(
  .default = col_double(),
  origin_census_block_group = col_character(),
  date_range_start = col_datetime(format = ""),
  date_range_end = col_datetime(format = ""),
  bucketed_distance_traveled = col_character(),
  median_dwell_at_bucketed_distance_traveled = col_character(),
  bucketed_home_dwell_time = col_character(),
  at_home_by_each_hour = col_character(),
  destination_cbgs = col_character(),
  bucketed_away_from_home_time = col_character(),
  bucketed_percentage_time_home = col_character()
)
See spec(...) for full column specifications.
Parsed with column specification:
cols(
  .default = col_double(),
  origin_census_block_group = col_character(),
  date_range_start = col_datetime(format = ""),
  date_range_end = col_datetime(format = ""),
  bucketed_distance_traveled = col_character(),
  median_dwell_at_bucketed_distance_traveled = col_character(),
  bucketed_home_dwell_time = col_character(),
  at_home_by_each_hour = col_character(),
  destination_cbgs = col_character(),
  bucketed_away_from_home_time = col_character(),
  bucketed_percentage_time_home = col_character()
)
See spec(...) for full column specifications.
Parsed with column specification:
cols(
  .default = col_double(),
  origin_census_block_group = col_character(),
  date_range_start = col_datetime(format = ""),
  date_range_end = col_datetime(format = ""),
  bucketed_distance_traveled = col_character(),
  median_dwell_at_bucketed_distance_traveled = col_character(),
  bucketed_home_dwell_time = col_character(),
  at_home_by_each_hour = col_character(),
  destination_cbgs = col_character(),
  bucketed_away_from_home_time = col_character(),
  bucketed_percentage_time_home = col_character()
)
See spec(...) for full column specifications.
Parsed with column specification:
cols(
  .default = col_double(),
  origin_census_block_group = col_character(),
  date_range_start = col_datetime(format = ""),
  date_range_end = col_datetime(format = ""),
  bucketed_distance_traveled = col_character(),
  median_dwell_at_bucketed_distance_traveled = col_character(),
  bucketed_home_dwell_time = col_character(),
  at_home_by_each_hour = col_character(),
  destination_cbgs = col_character(),
  bucketed_away_from_home_time = col_character(),
  bucketed_percentage_time_home = col_character()
)
See spec(...) for full column specifications.
Parsed with column specification:
cols(
  .default = col_double(),
  origin_census_block_group = col_character(),
  date_range_start = col_datetime(format = ""),
  date_range_end = col_datetime(format = ""),
  bucketed_distance_traveled = col_character(),
  median_dwell_at_bucketed_distance_traveled = col_character(),
  bucketed_home_dwell_time = col_character(),
  at_home_by_each_hour = col_character(),
  destination_cbgs = col_character(),
  bucketed_away_from_home_time = col_character(),
  bucketed_percentage_time_home = col_character()
)
See spec(...) for full column specifications.
Parsed with column specification:
cols(
  .default = col_double(),
  origin_census_block_group = col_character(),
  date_range_start = col_datetime(format = ""),
  date_range_end = col_datetime(format = ""),
  bucketed_distance_traveled = col_character(),
  median_dwell_at_bucketed_distance_traveled = col_character(),
  bucketed_home_dwell_time = col_character(),
  at_home_by_each_hour = col_character(),
  destination_cbgs = col_character(),
  bucketed_away_from_home_time = col_character(),
  bucketed_percentage_time_home = col_character()
)
See spec(...) for full column specifications.
Parsed with column specification:
cols(
  .default = col_double(),
  origin_census_block_group = col_character(),
  date_range_start = col_datetime(format = ""),
  date_range_end = col_datetime(format = ""),
  bucketed_distance_traveled = col_character(),
  median_dwell_at_bucketed_distance_traveled = col_character(),
  bucketed_home_dwell_time = col_character(),
  at_home_by_each_hour = col_character(),
  destination_cbgs = col_character(),
  bucketed_away_from_home_time = col_character(),
  bucketed_percentage_time_home = col_character()
)
See spec(...) for full column specifications.
Error: Must group by variables found in `.data`.
* Column `fips` is not found.
Backtrace:
     █
  1. └─`%>%`(...)
  2.   ├─base::withVisible(eval(quote(`_fseq`(`_lhs`)), env, env))
  3.   └─base::eval(quote(`_fseq`(`_lhs`)), env, env)
  4.     └─base::eval(quote(`_fseq`(`_lhs`)), env, env)
  5.       └─`_fseq`(`_lhs`)
  6.         └─magrittr::freduce(value, `_function_list`)
  7.           └─function_list[[i]](value)
  8.             ├─dplyr::group_by(., fips, date_range_start)
  9.             └─dplyr:::group_by.data.frame(., fips, date_range_start)
 10.               └─dplyr::group_by_prepare(.data, ..., .add = .add)
Execution halted
